06-Dec-2025 00:58:16.764 INFO [main] org.apache.catalina.startup.VersionLoggerListener.log Server version name:   Apache Tomcat/11.0.14
06-Dec-2025 00:58:16.779 INFO [main] org.apache.catalina.startup.VersionLoggerListener.log Server built:          Nov 5 2025 19:03:02 UTC
06-Dec-2025 00:58:16.779 INFO [main] org.apache.catalina.startup.VersionLoggerListener.log Server version number: 11.0.14.0
06-Dec-2025 00:58:16.779 INFO [main] org.apache.catalina.startup.VersionLoggerListener.log OS Name:               Mac OS X
06-Dec-2025 00:58:16.779 INFO [main] org.apache.catalina.startup.VersionLoggerListener.log OS Version:            15.4.1
06-Dec-2025 00:58:16.779 INFO [main] org.apache.catalina.startup.VersionLoggerListener.log Architecture:          aarch64
06-Dec-2025 00:58:16.780 INFO [main] org.apache.catalina.startup.VersionLoggerListener.log Java Home:             /Library/Java/JavaVirtualMachines/jdk-22.jdk/Contents/Home
06-Dec-2025 00:58:16.780 INFO [main] org.apache.catalina.startup.VersionLoggerListener.log JVM Version:           22.0.1+8-16
06-Dec-2025 00:58:16.780 INFO [main] org.apache.catalina.startup.VersionLoggerListener.log JVM Vendor:            Oracle Corporation
06-Dec-2025 00:58:16.780 INFO [main] org.apache.catalina.startup.VersionLoggerListener.log CATALINA_BASE:         /Users/vchitturi/Desktop/Thrift Shop Final/apache-tomcat-11.0.14
06-Dec-2025 00:58:16.780 INFO [main] org.apache.catalina.startup.VersionLoggerListener.log CATALINA_HOME:         /Users/vchitturi/Desktop/Thrift Shop Final/apache-tomcat-11.0.14
06-Dec-2025 00:58:16.785 INFO [main] org.apache.catalina.startup.VersionLoggerListener.log Command line argument: -Djava.util.logging.config.file=/Users/vchitturi/Desktop/Thrift Shop Final/apache-tomcat-11.0.14/conf/logging.properties
06-Dec-2025 00:58:16.785 INFO [main] org.apache.catalina.startup.VersionLoggerListener.log Command line argument: -Djava.util.logging.manager=org.apache.juli.ClassLoaderLogManager
06-Dec-2025 00:58:16.785 INFO [main] org.apache.catalina.startup.VersionLoggerListener.log Command line argument: -Djdk.tls.ephemeralDHKeySize=2048
06-Dec-2025 00:58:16.785 INFO [main] org.apache.catalina.startup.VersionLoggerListener.log Command line argument: -Dorg.apache.catalina.security.SecurityListener.UMASK=0027
06-Dec-2025 00:58:16.785 INFO [main] org.apache.catalina.startup.VersionLoggerListener.log Command line argument: --add-opens=java.base/java.lang=ALL-UNNAMED
06-Dec-2025 00:58:16.785 INFO [main] org.apache.catalina.startup.VersionLoggerListener.log Command line argument: --add-opens=java.base/java.lang.reflect=ALL-UNNAMED
06-Dec-2025 00:58:16.785 INFO [main] org.apache.catalina.startup.VersionLoggerListener.log Command line argument: --add-opens=java.base/java.io=ALL-UNNAMED
06-Dec-2025 00:58:16.785 INFO [main] org.apache.catalina.startup.VersionLoggerListener.log Command line argument: --add-opens=java.base/java.util=ALL-UNNAMED
06-Dec-2025 00:58:16.785 INFO [main] org.apache.catalina.startup.VersionLoggerListener.log Command line argument: --add-opens=java.base/java.util.concurrent=ALL-UNNAMED
06-Dec-2025 00:58:16.785 INFO [main] org.apache.catalina.startup.VersionLoggerListener.log Command line argument: --add-opens=java.rmi/sun.rmi.transport=ALL-UNNAMED
06-Dec-2025 00:58:16.786 INFO [main] org.apache.catalina.startup.VersionLoggerListener.log Command line argument: --enable-native-access=ALL-UNNAMED
06-Dec-2025 00:58:16.786 INFO [main] org.apache.catalina.startup.VersionLoggerListener.log Command line argument: -Dcatalina.base=/Users/vchitturi/Desktop/Thrift Shop Final/apache-tomcat-11.0.14
06-Dec-2025 00:58:16.786 INFO [main] org.apache.catalina.startup.VersionLoggerListener.log Command line argument: -Dcatalina.home=/Users/vchitturi/Desktop/Thrift Shop Final/apache-tomcat-11.0.14
06-Dec-2025 00:58:16.786 INFO [main] org.apache.catalina.startup.VersionLoggerListener.log Command line argument: -Djava.io.tmpdir=/Users/vchitturi/Desktop/Thrift Shop Final/apache-tomcat-11.0.14/temp
06-Dec-2025 00:58:16.792 INFO [main] org.apache.catalina.core.AprLifecycleListener.lifecycleEvent The Apache Tomcat Native library which allows using OpenSSL was not found on the java.library.path: [/Users/vchitturi/Library/Java/Extensions:/Library/Java/Extensions:/Network/Library/Java/Extensions:/System/Library/Java/Extensions:/usr/lib/java:.]
06-Dec-2025 00:58:16.965 INFO [main] org.apache.coyote.AbstractProtocol.init Initializing ProtocolHandler ["http-nio-8080"]
06-Dec-2025 00:58:16.986 INFO [main] org.apache.catalina.startup.Catalina.load Server initialization in [338] milliseconds
06-Dec-2025 00:58:17.006 INFO [main] org.apache.catalina.core.StandardService.startInternal Starting service [Catalina]
06-Dec-2025 00:58:17.006 INFO [main] org.apache.catalina.core.StandardEngine.startInternal Starting Servlet engine: [Apache Tomcat/11.0.14]
06-Dec-2025 00:58:17.010 INFO [main] org.apache.catalina.startup.HostConfig.deployDirectory Deploying web application directory [/Users/vchitturi/Desktop/Thrift Shop Final/apache-tomcat-11.0.14/webapps/Images]
06-Dec-2025 00:58:17.156 INFO [main] org.apache.catalina.startup.HostConfig.deployDirectory Deployment of web application directory [/Users/vchitturi/Desktop/Thrift Shop Final/apache-tomcat-11.0.14/webapps/Images] has finished in [147] ms
06-Dec-2025 00:58:17.156 INFO [main] org.apache.catalina.startup.HostConfig.deployDirectory Deploying web application directory [/Users/vchitturi/Desktop/Thrift Shop Final/apache-tomcat-11.0.14/webapps/organize]
06-Dec-2025 00:58:17.166 INFO [main] org.apache.catalina.startup.HostConfig.deployDirectory Deployment of web application directory [/Users/vchitturi/Desktop/Thrift Shop Final/apache-tomcat-11.0.14/webapps/organize] has finished in [10] ms
06-Dec-2025 00:58:17.167 INFO [main] org.apache.catalina.startup.HostConfig.deployDirectory Deploying web application directory [/Users/vchitturi/Desktop/Thrift Shop Final/apache-tomcat-11.0.14/webapps/ThriftShop]
06-Dec-2025 00:58:17.305 INFO [main] org.apache.jasper.servlet.TldScanner.scanJars At least one JAR was scanned for TLDs yet contained no TLDs. Enable debug logging for this logger for a complete list of JARs that were scanned but no TLDs were found in them. Skipping unneeded JARs during scanning can improve startup time and JSP compilation time.
06-Dec-2025 00:58:17.306 INFO [main] org.apache.catalina.startup.HostConfig.deployDirectory Deployment of web application directory [/Users/vchitturi/Desktop/Thrift Shop Final/apache-tomcat-11.0.14/webapps/ThriftShop] has finished in [140] ms
06-Dec-2025 00:58:17.307 INFO [main] org.apache.coyote.AbstractProtocol.start Starting ProtocolHandler ["http-nio-8080"]
06-Dec-2025 00:58:17.313 INFO [main] org.apache.catalina.startup.Catalina.start Server startup in [326] milliseconds
06-Dec-2025 03:56:22.758 INFO [main] org.apache.catalina.startup.VersionLoggerListener.log Server version name:   Apache Tomcat/11.0.14
06-Dec-2025 03:56:22.761 INFO [main] org.apache.catalina.startup.VersionLoggerListener.log Server built:          Nov 5 2025 19:03:02 UTC
06-Dec-2025 03:56:22.761 INFO [main] org.apache.catalina.startup.VersionLoggerListener.log Server version number: 11.0.14.0
06-Dec-2025 03:56:22.761 INFO [main] org.apache.catalina.startup.VersionLoggerListener.log OS Name:               Mac OS X
06-Dec-2025 03:56:22.761 INFO [main] org.apache.catalina.startup.VersionLoggerListener.log OS Version:            15.4.1
06-Dec-2025 03:56:22.761 INFO [main] org.apache.catalina.startup.VersionLoggerListener.log Architecture:          aarch64
06-Dec-2025 03:56:22.761 INFO [main] org.apache.catalina.startup.VersionLoggerListener.log Java Home:             /Library/Java/JavaVirtualMachines/jdk-22.jdk/Contents/Home
06-Dec-2025 03:56:22.761 INFO [main] org.apache.catalina.startup.VersionLoggerListener.log JVM Version:           22.0.1+8-16
06-Dec-2025 03:56:22.761 INFO [main] org.apache.catalina.startup.VersionLoggerListener.log JVM Vendor:            Oracle Corporation
06-Dec-2025 03:56:22.762 INFO [main] org.apache.catalina.startup.VersionLoggerListener.log CATALINA_BASE:         /Users/vchitturi/Desktop/Thrift Shop Final/apache-tomcat-11.0.14
06-Dec-2025 03:56:22.762 INFO [main] org.apache.catalina.startup.VersionLoggerListener.log CATALINA_HOME:         /Users/vchitturi/Desktop/Thrift Shop Final/apache-tomcat-11.0.14
06-Dec-2025 03:56:22.770 INFO [main] org.apache.catalina.startup.VersionLoggerListener.log Command line argument: -Djava.util.logging.config.file=/Users/vchitturi/Desktop/Thrift Shop Final/apache-tomcat-11.0.14/conf/logging.properties
06-Dec-2025 03:56:22.770 INFO [main] org.apache.catalina.startup.VersionLoggerListener.log Command line argument: -Djava.util.logging.manager=org.apache.juli.ClassLoaderLogManager
06-Dec-2025 03:56:22.770 INFO [main] org.apache.catalina.startup.VersionLoggerListener.log Command line argument: -Djdk.tls.ephemeralDHKeySize=2048
06-Dec-2025 03:56:22.770 INFO [main] org.apache.catalina.startup.VersionLoggerListener.log Command line argument: -Dorg.apache.catalina.security.SecurityListener.UMASK=0027
06-Dec-2025 03:56:22.770 INFO [main] org.apache.catalina.startup.VersionLoggerListener.log Command line argument: --add-opens=java.base/java.lang=ALL-UNNAMED
06-Dec-2025 03:56:22.770 INFO [main] org.apache.catalina.startup.VersionLoggerListener.log Command line argument: --add-opens=java.base/java.lang.reflect=ALL-UNNAMED
06-Dec-2025 03:56:22.770 INFO [main] org.apache.catalina.startup.VersionLoggerListener.log Command line argument: --add-opens=java.base/java.io=ALL-UNNAMED
06-Dec-2025 03:56:22.770 INFO [main] org.apache.catalina.startup.VersionLoggerListener.log Command line argument: --add-opens=java.base/java.util=ALL-UNNAMED
06-Dec-2025 03:56:22.770 INFO [main] org.apache.catalina.startup.VersionLoggerListener.log Command line argument: --add-opens=java.base/java.util.concurrent=ALL-UNNAMED
06-Dec-2025 03:56:22.770 INFO [main] org.apache.catalina.startup.VersionLoggerListener.log Command line argument: --add-opens=java.rmi/sun.rmi.transport=ALL-UNNAMED
06-Dec-2025 03:56:22.770 INFO [main] org.apache.catalina.startup.VersionLoggerListener.log Command line argument: --enable-native-access=ALL-UNNAMED
06-Dec-2025 03:56:22.770 INFO [main] org.apache.catalina.startup.VersionLoggerListener.log Command line argument: -Dcatalina.base=/Users/vchitturi/Desktop/Thrift Shop Final/apache-tomcat-11.0.14
06-Dec-2025 03:56:22.770 INFO [main] org.apache.catalina.startup.VersionLoggerListener.log Command line argument: -Dcatalina.home=/Users/vchitturi/Desktop/Thrift Shop Final/apache-tomcat-11.0.14
06-Dec-2025 03:56:22.770 INFO [main] org.apache.catalina.startup.VersionLoggerListener.log Command line argument: -Djava.io.tmpdir=/Users/vchitturi/Desktop/Thrift Shop Final/apache-tomcat-11.0.14/temp
06-Dec-2025 03:56:22.775 INFO [main] org.apache.catalina.core.AprLifecycleListener.lifecycleEvent The Apache Tomcat Native library which allows using OpenSSL was not found on the java.library.path: [/Users/vchitturi/Library/Java/Extensions:/Library/Java/Extensions:/Network/Library/Java/Extensions:/System/Library/Java/Extensions:/usr/lib/java:.]
06-Dec-2025 03:56:22.931 INFO [main] org.apache.coyote.AbstractProtocol.init Initializing ProtocolHandler ["http-nio-8080"]
06-Dec-2025 03:56:22.944 SEVERE [main] org.apache.catalina.util.LifecycleBase.handleSubClassException Failed to initialize component [Connector["http-nio-8080"]]
	org.apache.catalina.LifecycleException: Protocol handler initialization failed
		at org.apache.catalina.connector.Connector.initInternal(Connector.java:1076)
		at org.apache.catalina.util.LifecycleBase.init(LifecycleBase.java:122)
		at org.apache.catalina.core.StandardService.initInternal(StandardService.java:520)
		at org.apache.catalina.util.LifecycleBase.init(LifecycleBase.java:122)
		at org.apache.catalina.core.StandardServer.initInternal(StandardServer.java:951)
		at org.apache.catalina.util.LifecycleBase.init(LifecycleBase.java:122)
		at org.apache.catalina.startup.Catalina.load(Catalina.java:707)
		at org.apache.catalina.startup.Catalina.load(Catalina.java:730)
		at java.base/jdk.internal.reflect.DirectMethodHandleAccessor.invoke(DirectMethodHandleAccessor.java:103)
		at java.base/java.lang.reflect.Method.invoke(Method.java:580)
		at org.apache.catalina.startup.Bootstrap.load(Bootstrap.java:296)
		at org.apache.catalina.startup.Bootstrap.main(Bootstrap.java:469)
	Caused by: java.net.BindException: Address already in use
		at java.base/sun.nio.ch.Net.bind0(Native Method)
		at java.base/sun.nio.ch.Net.bind(Net.java:565)
		at java.base/sun.nio.ch.ServerSocketChannelImpl.netBind(ServerSocketChannelImpl.java:344)
		at java.base/sun.nio.ch.ServerSocketChannelImpl.bind(ServerSocketChannelImpl.java:301)
		at org.apache.tomcat.util.net.NioEndpoint.initServerSocket(NioEndpoint.java:265)
		at org.apache.tomcat.util.net.NioEndpoint.bind(NioEndpoint.java:220)
		at org.apache.tomcat.util.net.AbstractEndpoint.bindWithCleanup(AbstractEndpoint.java:1600)
		at org.apache.tomcat.util.net.AbstractEndpoint.init(AbstractEndpoint.java:1613)
		at org.apache.coyote.AbstractProtocol.init(AbstractProtocol.java:633)
		at org.apache.coyote.http11.AbstractHttp11Protocol.init(AbstractHttp11Protocol.java:83)
		at org.apache.catalina.connector.Connector.initInternal(Connector.java:1074)
		... 11 more
06-Dec-2025 03:56:22.944 INFO [main] org.apache.catalina.startup.Catalina.load Server initialization in [288] milliseconds
06-Dec-2025 03:56:22.962 INFO [main] org.apache.catalina.core.StandardService.startInternal Starting service [Catalina]
06-Dec-2025 03:56:22.962 INFO [main] org.apache.catalina.core.StandardEngine.startInternal Starting Servlet engine: [Apache Tomcat/11.0.14]
06-Dec-2025 03:56:22.965 INFO [main] org.apache.catalina.startup.HostConfig.deployDirectory Deploying web application directory [/Users/vchitturi/Desktop/Thrift Shop Final/apache-tomcat-11.0.14/webapps/Images]
06-Dec-2025 03:56:23.104 INFO [main] org.apache.catalina.startup.HostConfig.deployDirectory Deployment of web application directory [/Users/vchitturi/Desktop/Thrift Shop Final/apache-tomcat-11.0.14/webapps/Images] has finished in [139] ms
06-Dec-2025 03:56:23.113 INFO [main] org.apache.catalina.startup.HostConfig.deployDirectory Deploying web application directory [/Users/vchitturi/Desktop/Thrift Shop Final/apache-tomcat-11.0.14/webapps/organize]
06-Dec-2025 03:56:23.121 INFO [main] org.apache.catalina.startup.HostConfig.deployDirectory Deployment of web application directory [/Users/vchitturi/Desktop/Thrift Shop Final/apache-tomcat-11.0.14/webapps/organize] has finished in [8] ms
06-Dec-2025 03:56:23.121 INFO [main] org.apache.catalina.startup.HostConfig.deployDirectory Deploying web application directory [/Users/vchitturi/Desktop/Thrift Shop Final/apache-tomcat-11.0.14/webapps/ThriftShop]
06-Dec-2025 03:56:23.259 INFO [main] org.apache.jasper.servlet.TldScanner.scanJars At least one JAR was scanned for TLDs yet contained no TLDs. Enable debug logging for this logger for a complete list of JARs that were scanned but no TLDs were found in them. Skipping unneeded JARs during scanning can improve startup time and JSP compilation time.
06-Dec-2025 03:56:23.260 INFO [main] org.apache.catalina.startup.HostConfig.deployDirectory Deployment of web application directory [/Users/vchitturi/Desktop/Thrift Shop Final/apache-tomcat-11.0.14/webapps/ThriftShop] has finished in [139] ms
06-Dec-2025 03:56:23.262 INFO [main] org.apache.catalina.startup.Catalina.start Server startup in [317] milliseconds
06-Dec-2025 03:56:23.264 SEVERE [main] org.apache.catalina.core.StandardServer.await Failed to create server shutdown socket on address [localhost] and port [8005] (base port [8005] and offset [0])
	java.net.BindException: Address already in use
		at java.base/sun.nio.ch.Net.bind0(Native Method)
		at java.base/sun.nio.ch.Net.bind(Net.java:565)
		at java.base/sun.nio.ch.Net.bind(Net.java:554)
		at java.base/sun.nio.ch.NioSocketImpl.bind(NioSocketImpl.java:636)
		at java.base/java.net.ServerSocket.bind(ServerSocket.java:390)
		at java.base/java.net.ServerSocket.<init>(ServerSocket.java:277)
		at org.apache.catalina.core.StandardServer.await(StandardServer.java:530)
		at org.apache.catalina.startup.Catalina.await(Catalina.java:846)
		at org.apache.catalina.startup.Catalina.start(Catalina.java:794)
		at java.base/jdk.internal.reflect.DirectMethodHandleAccessor.invoke(DirectMethodHandleAccessor.java:103)
		at java.base/java.lang.reflect.Method.invoke(Method.java:580)
		at org.apache.catalina.startup.Bootstrap.start(Bootstrap.java:339)
		at org.apache.catalina.startup.Bootstrap.main(Bootstrap.java:470)
06-Dec-2025 03:56:23.265 INFO [main] org.apache.coyote.AbstractProtocol.pause Pausing ProtocolHandler ["http-nio-8080"]
06-Dec-2025 03:56:23.265 INFO [main] org.apache.catalina.core.StandardService.stopInternal Stopping service [Catalina]
06-Dec-2025 03:56:23.273 INFO [main] org.apache.coyote.AbstractProtocol.stop Stopping ProtocolHandler ["http-nio-8080"]
06-Dec-2025 03:56:23.274 INFO [main] org.apache.coyote.AbstractProtocol.destroy Destroying ProtocolHandler ["http-nio-8080"]
06-Dec-2025 19:05:10.522 INFO [main] org.apache.catalina.startup.VersionLoggerListener.log Server version name:   Apache Tomcat/11.0.14
06-Dec-2025 19:05:10.543 INFO [main] org.apache.catalina.startup.VersionLoggerListener.log Server built:          Nov 5 2025 19:03:02 UTC
06-Dec-2025 19:05:10.543 INFO [main] org.apache.catalina.startup.VersionLoggerListener.log Server version number: 11.0.14.0
06-Dec-2025 19:05:10.543 INFO [main] org.apache.catalina.startup.VersionLoggerListener.log OS Name:               Mac OS X
06-Dec-2025 19:05:10.543 INFO [main] org.apache.catalina.startup.VersionLoggerListener.log OS Version:            15.4.1
06-Dec-2025 19:05:10.544 INFO [main] org.apache.catalina.startup.VersionLoggerListener.log Architecture:          aarch64
06-Dec-2025 19:05:10.544 INFO [main] org.apache.catalina.startup.VersionLoggerListener.log Java Home:             /Library/Java/JavaVirtualMachines/jdk-22.jdk/Contents/Home
06-Dec-2025 19:05:10.544 INFO [main] org.apache.catalina.startup.VersionLoggerListener.log JVM Version:           22.0.1+8-16
06-Dec-2025 19:05:10.544 INFO [main] org.apache.catalina.startup.VersionLoggerListener.log JVM Vendor:            Oracle Corporation
06-Dec-2025 19:05:10.544 INFO [main] org.apache.catalina.startup.VersionLoggerListener.log CATALINA_BASE:         /Users/vchitturi/Desktop/Thrift Shop Final/apache-tomcat-11.0.14
06-Dec-2025 19:05:10.544 INFO [main] org.apache.catalina.startup.VersionLoggerListener.log CATALINA_HOME:         /Users/vchitturi/Desktop/Thrift Shop Final/apache-tomcat-11.0.14
06-Dec-2025 19:05:10.544 INFO [main] org.apache.catalina.startup.VersionLoggerListener.log Command line argument: -Djava.util.logging.config.file=/Users/vchitturi/Desktop/Thrift Shop Final/apache-tomcat-11.0.14/conf/logging.properties
06-Dec-2025 19:05:10.544 INFO [main] org.apache.catalina.startup.VersionLoggerListener.log Command line argument: -Djava.util.logging.manager=org.apache.juli.ClassLoaderLogManager
06-Dec-2025 19:05:10.544 INFO [main] org.apache.catalina.startup.VersionLoggerListener.log Command line argument: -Djdk.tls.ephemeralDHKeySize=2048
06-Dec-2025 19:05:10.544 INFO [main] org.apache.catalina.startup.VersionLoggerListener.log Command line argument: -Dorg.apache.catalina.security.SecurityListener.UMASK=0027
06-Dec-2025 19:05:10.544 INFO [main] org.apache.catalina.startup.VersionLoggerListener.log Command line argument: --add-opens=java.base/java.lang=ALL-UNNAMED
06-Dec-2025 19:05:10.544 INFO [main] org.apache.catalina.startup.VersionLoggerListener.log Command line argument: --add-opens=java.base/java.lang.reflect=ALL-UNNAMED
06-Dec-2025 19:05:10.544 INFO [main] org.apache.catalina.startup.VersionLoggerListener.log Command line argument: --add-opens=java.base/java.io=ALL-UNNAMED
06-Dec-2025 19:05:10.545 INFO [main] org.apache.catalina.startup.VersionLoggerListener.log Command line argument: --add-opens=java.base/java.util=ALL-UNNAMED
06-Dec-2025 19:05:10.545 INFO [main] org.apache.catalina.startup.VersionLoggerListener.log Command line argument: --add-opens=java.base/java.util.concurrent=ALL-UNNAMED
06-Dec-2025 19:05:10.545 INFO [main] org.apache.catalina.startup.VersionLoggerListener.log Command line argument: --add-opens=java.rmi/sun.rmi.transport=ALL-UNNAMED
06-Dec-2025 19:05:10.545 INFO [main] org.apache.catalina.startup.VersionLoggerListener.log Command line argument: --enable-native-access=ALL-UNNAMED
06-Dec-2025 19:05:10.545 INFO [main] org.apache.catalina.startup.VersionLoggerListener.log Command line argument: -Dcatalina.base=/Users/vchitturi/Desktop/Thrift Shop Final/apache-tomcat-11.0.14
06-Dec-2025 19:05:10.545 INFO [main] org.apache.catalina.startup.VersionLoggerListener.log Command line argument: -Dcatalina.home=/Users/vchitturi/Desktop/Thrift Shop Final/apache-tomcat-11.0.14
06-Dec-2025 19:05:10.545 INFO [main] org.apache.catalina.startup.VersionLoggerListener.log Command line argument: -Djava.io.tmpdir=/Users/vchitturi/Desktop/Thrift Shop Final/apache-tomcat-11.0.14/temp
06-Dec-2025 19:05:10.551 INFO [main] org.apache.catalina.core.AprLifecycleListener.lifecycleEvent The Apache Tomcat Native library which allows using OpenSSL was not found on the java.library.path: [/Users/vchitturi/Library/Java/Extensions:/Library/Java/Extensions:/Network/Library/Java/Extensions:/System/Library/Java/Extensions:/usr/lib/java:.]
06-Dec-2025 19:05:10.755 INFO [main] org.apache.coyote.AbstractProtocol.init Initializing ProtocolHandler ["http-nio-8080"]
06-Dec-2025 19:05:10.776 SEVERE [main] org.apache.catalina.util.LifecycleBase.handleSubClassException Failed to initialize component [Connector["http-nio-8080"]]
	org.apache.catalina.LifecycleException: Protocol handler initialization failed
		at org.apache.catalina.connector.Connector.initInternal(Connector.java:1076)
		at org.apache.catalina.util.LifecycleBase.init(LifecycleBase.java:122)
		at org.apache.catalina.core.StandardService.initInternal(StandardService.java:520)
		at org.apache.catalina.util.LifecycleBase.init(LifecycleBase.java:122)
		at org.apache.catalina.core.StandardServer.initInternal(StandardServer.java:951)
		at org.apache.catalina.util.LifecycleBase.init(LifecycleBase.java:122)
		at org.apache.catalina.startup.Catalina.load(Catalina.java:707)
		at org.apache.catalina.startup.Catalina.load(Catalina.java:730)
		at java.base/jdk.internal.reflect.DirectMethodHandleAccessor.invoke(DirectMethodHandleAccessor.java:103)
		at java.base/java.lang.reflect.Method.invoke(Method.java:580)
		at org.apache.catalina.startup.Bootstrap.load(Bootstrap.java:296)
		at org.apache.catalina.startup.Bootstrap.main(Bootstrap.java:469)
	Caused by: java.net.BindException: Address already in use
		at java.base/sun.nio.ch.Net.bind0(Native Method)
		at java.base/sun.nio.ch.Net.bind(Net.java:565)
		at java.base/sun.nio.ch.ServerSocketChannelImpl.netBind(ServerSocketChannelImpl.java:344)
		at java.base/sun.nio.ch.ServerSocketChannelImpl.bind(ServerSocketChannelImpl.java:301)
		at org.apache.tomcat.util.net.NioEndpoint.initServerSocket(NioEndpoint.java:265)
		at org.apache.tomcat.util.net.NioEndpoint.bind(NioEndpoint.java:220)
		at org.apache.tomcat.util.net.AbstractEndpoint.bindWithCleanup(AbstractEndpoint.java:1600)
		at org.apache.tomcat.util.net.AbstractEndpoint.init(AbstractEndpoint.java:1613)
		at org.apache.coyote.AbstractProtocol.init(AbstractProtocol.java:633)
		at org.apache.coyote.http11.AbstractHttp11Protocol.init(AbstractHttp11Protocol.java:83)
		at org.apache.catalina.connector.Connector.initInternal(Connector.java:1074)
		... 11 more
06-Dec-2025 19:05:10.776 INFO [main] org.apache.catalina.startup.Catalina.load Server initialization in [454] milliseconds
06-Dec-2025 19:05:10.806 INFO [main] org.apache.catalina.core.StandardService.startInternal Starting service [Catalina]
06-Dec-2025 19:05:10.806 INFO [main] org.apache.catalina.core.StandardEngine.startInternal Starting Servlet engine: [Apache Tomcat/11.0.14]
06-Dec-2025 19:05:10.811 INFO [main] org.apache.catalina.startup.HostConfig.deployDirectory Deploying web application directory [/Users/vchitturi/Desktop/Thrift Shop Final/apache-tomcat-11.0.14/webapps/Images]
06-Dec-2025 19:05:10.998 INFO [main] org.apache.catalina.startup.HostConfig.deployDirectory Deployment of web application directory [/Users/vchitturi/Desktop/Thrift Shop Final/apache-tomcat-11.0.14/webapps/Images] has finished in [187] ms
06-Dec-2025 19:05:10.999 INFO [main] org.apache.catalina.startup.HostConfig.deployDirectory Deploying web application directory [/Users/vchitturi/Desktop/Thrift Shop Final/apache-tomcat-11.0.14/webapps/organize]
06-Dec-2025 19:05:11.007 INFO [main] org.apache.catalina.startup.HostConfig.deployDirectory Deployment of web application directory [/Users/vchitturi/Desktop/Thrift Shop Final/apache-tomcat-11.0.14/webapps/organize] has finished in [7] ms
06-Dec-2025 19:05:11.007 INFO [main] org.apache.catalina.startup.HostConfig.deployDirectory Deploying web application directory [/Users/vchitturi/Desktop/Thrift Shop Final/apache-tomcat-11.0.14/webapps/ThriftShop]
06-Dec-2025 19:05:11.189 INFO [main] org.apache.jasper.servlet.TldScanner.scanJars At least one JAR was scanned for TLDs yet contained no TLDs. Enable debug logging for this logger for a complete list of JARs that were scanned but no TLDs were found in them. Skipping unneeded JARs during scanning can improve startup time and JSP compilation time.
06-Dec-2025 19:05:11.190 INFO [main] org.apache.catalina.startup.HostConfig.deployDirectory Deployment of web application directory [/Users/vchitturi/Desktop/Thrift Shop Final/apache-tomcat-11.0.14/webapps/ThriftShop] has finished in [183] ms
06-Dec-2025 19:05:11.191 INFO [main] org.apache.catalina.startup.Catalina.start Server startup in [414] milliseconds
06-Dec-2025 19:05:11.197 SEVERE [main] org.apache.catalina.core.StandardServer.await Failed to create server shutdown socket on address [localhost] and port [8005] (base port [8005] and offset [0])
	java.net.BindException: Address already in use
		at java.base/sun.nio.ch.Net.bind0(Native Method)
		at java.base/sun.nio.ch.Net.bind(Net.java:565)
		at java.base/sun.nio.ch.Net.bind(Net.java:554)
		at java.base/sun.nio.ch.NioSocketImpl.bind(NioSocketImpl.java:636)
		at java.base/java.net.ServerSocket.bind(ServerSocket.java:390)
		at java.base/java.net.ServerSocket.<init>(ServerSocket.java:277)
		at org.apache.catalina.core.StandardServer.await(StandardServer.java:530)
		at org.apache.catalina.startup.Catalina.await(Catalina.java:846)
		at org.apache.catalina.startup.Catalina.start(Catalina.java:794)
		at java.base/jdk.internal.reflect.DirectMethodHandleAccessor.invoke(DirectMethodHandleAccessor.java:103)
		at java.base/java.lang.reflect.Method.invoke(Method.java:580)
		at org.apache.catalina.startup.Bootstrap.start(Bootstrap.java:339)
		at org.apache.catalina.startup.Bootstrap.main(Bootstrap.java:470)
06-Dec-2025 19:05:11.198 INFO [main] org.apache.coyote.AbstractProtocol.pause Pausing ProtocolHandler ["http-nio-8080"]
06-Dec-2025 19:05:11.198 INFO [main] org.apache.catalina.core.StandardService.stopInternal Stopping service [Catalina]
06-Dec-2025 19:05:11.215 INFO [main] org.apache.coyote.AbstractProtocol.stop Stopping ProtocolHandler ["http-nio-8080"]
06-Dec-2025 19:05:11.215 INFO [main] org.apache.coyote.AbstractProtocol.destroy Destroying ProtocolHandler ["http-nio-8080"]
06-Dec-2025 22:51:16.778 INFO [main] org.apache.catalina.startup.VersionLoggerListener.log Server version name:   Apache Tomcat/11.0.14
06-Dec-2025 22:51:16.789 INFO [main] org.apache.catalina.startup.VersionLoggerListener.log Server built:          Nov 5 2025 19:03:02 UTC
06-Dec-2025 22:51:16.789 INFO [main] org.apache.catalina.startup.VersionLoggerListener.log Server version number: 11.0.14.0
06-Dec-2025 22:51:16.789 INFO [main] org.apache.catalina.startup.VersionLoggerListener.log OS Name:               Mac OS X
06-Dec-2025 22:51:16.789 INFO [main] org.apache.catalina.startup.VersionLoggerListener.log OS Version:            15.4.1
06-Dec-2025 22:51:16.789 INFO [main] org.apache.catalina.startup.VersionLoggerListener.log Architecture:          aarch64
06-Dec-2025 22:51:16.789 INFO [main] org.apache.catalina.startup.VersionLoggerListener.log Java Home:             /Library/Java/JavaVirtualMachines/jdk-22.jdk/Contents/Home
06-Dec-2025 22:51:16.789 INFO [main] org.apache.catalina.startup.VersionLoggerListener.log JVM Version:           22.0.1+8-16
06-Dec-2025 22:51:16.789 INFO [main] org.apache.catalina.startup.VersionLoggerListener.log JVM Vendor:            Oracle Corporation
06-Dec-2025 22:51:16.789 INFO [main] org.apache.catalina.startup.VersionLoggerListener.log CATALINA_BASE:         /Users/vchitturi/Desktop/Thrift Shop Final/apache-tomcat-11.0.14
06-Dec-2025 22:51:16.789 INFO [main] org.apache.catalina.startup.VersionLoggerListener.log CATALINA_HOME:         /Users/vchitturi/Desktop/Thrift Shop Final/apache-tomcat-11.0.14
06-Dec-2025 22:51:16.790 INFO [main] org.apache.catalina.startup.VersionLoggerListener.log Command line argument: -Djava.util.logging.config.file=/Users/vchitturi/Desktop/Thrift Shop Final/apache-tomcat-11.0.14/conf/logging.properties
06-Dec-2025 22:51:16.790 INFO [main] org.apache.catalina.startup.VersionLoggerListener.log Command line argument: -Djava.util.logging.manager=org.apache.juli.ClassLoaderLogManager
06-Dec-2025 22:51:16.790 INFO [main] org.apache.catalina.startup.VersionLoggerListener.log Command line argument: -Djdk.tls.ephemeralDHKeySize=2048
06-Dec-2025 22:51:16.790 INFO [main] org.apache.catalina.startup.VersionLoggerListener.log Command line argument: -Dorg.apache.catalina.security.SecurityListener.UMASK=0027
06-Dec-2025 22:51:16.790 INFO [main] org.apache.catalina.startup.VersionLoggerListener.log Command line argument: --add-opens=java.base/java.lang=ALL-UNNAMED
06-Dec-2025 22:51:16.790 INFO [main] org.apache.catalina.startup.VersionLoggerListener.log Command line argument: --add-opens=java.base/java.lang.reflect=ALL-UNNAMED
06-Dec-2025 22:51:16.790 INFO [main] org.apache.catalina.startup.VersionLoggerListener.log Command line argument: --add-opens=java.base/java.io=ALL-UNNAMED
06-Dec-2025 22:51:16.790 INFO [main] org.apache.catalina.startup.VersionLoggerListener.log Command line argument: --add-opens=java.base/java.util=ALL-UNNAMED
06-Dec-2025 22:51:16.790 INFO [main] org.apache.catalina.startup.VersionLoggerListener.log Command line argument: --add-opens=java.base/java.util.concurrent=ALL-UNNAMED
06-Dec-2025 22:51:16.790 INFO [main] org.apache.catalina.startup.VersionLoggerListener.log Command line argument: --add-opens=java.rmi/sun.rmi.transport=ALL-UNNAMED
06-Dec-2025 22:51:16.790 INFO [main] org.apache.catalina.startup.VersionLoggerListener.log Command line argument: --enable-native-access=ALL-UNNAMED
06-Dec-2025 22:51:16.790 INFO [main] org.apache.catalina.startup.VersionLoggerListener.log Command line argument: -Dcatalina.base=/Users/vchitturi/Desktop/Thrift Shop Final/apache-tomcat-11.0.14
06-Dec-2025 22:51:16.790 INFO [main] org.apache.catalina.startup.VersionLoggerListener.log Command line argument: -Dcatalina.home=/Users/vchitturi/Desktop/Thrift Shop Final/apache-tomcat-11.0.14
06-Dec-2025 22:51:16.790 INFO [main] org.apache.catalina.startup.VersionLoggerListener.log Command line argument: -Djava.io.tmpdir=/Users/vchitturi/Desktop/Thrift Shop Final/apache-tomcat-11.0.14/temp
06-Dec-2025 22:51:16.796 INFO [main] org.apache.catalina.core.AprLifecycleListener.lifecycleEvent The Apache Tomcat Native library which allows using OpenSSL was not found on the java.library.path: [/Users/vchitturi/Library/Java/Extensions:/Library/Java/Extensions:/Network/Library/Java/Extensions:/System/Library/Java/Extensions:/usr/lib/java:.]
06-Dec-2025 22:51:16.951 INFO [main] org.apache.coyote.AbstractProtocol.init Initializing ProtocolHandler ["http-nio-8080"]
06-Dec-2025 22:51:16.967 SEVERE [main] org.apache.catalina.util.LifecycleBase.handleSubClassException Failed to initialize component [Connector["http-nio-8080"]]
	org.apache.catalina.LifecycleException: Protocol handler initialization failed
		at org.apache.catalina.connector.Connector.initInternal(Connector.java:1076)
		at org.apache.catalina.util.LifecycleBase.init(LifecycleBase.java:122)
		at org.apache.catalina.core.StandardService.initInternal(StandardService.java:520)
		at org.apache.catalina.util.LifecycleBase.init(LifecycleBase.java:122)
		at org.apache.catalina.core.StandardServer.initInternal(StandardServer.java:951)
		at org.apache.catalina.util.LifecycleBase.init(LifecycleBase.java:122)
		at org.apache.catalina.startup.Catalina.load(Catalina.java:707)
		at org.apache.catalina.startup.Catalina.load(Catalina.java:730)
		at java.base/jdk.internal.reflect.DirectMethodHandleAccessor.invoke(DirectMethodHandleAccessor.java:103)
		at java.base/java.lang.reflect.Method.invoke(Method.java:580)
		at org.apache.catalina.startup.Bootstrap.load(Bootstrap.java:296)
		at org.apache.catalina.startup.Bootstrap.main(Bootstrap.java:469)
	Caused by: java.net.BindException: Address already in use
		at java.base/sun.nio.ch.Net.bind0(Native Method)
		at java.base/sun.nio.ch.Net.bind(Net.java:565)
		at java.base/sun.nio.ch.ServerSocketChannelImpl.netBind(ServerSocketChannelImpl.java:344)
		at java.base/sun.nio.ch.ServerSocketChannelImpl.bind(ServerSocketChannelImpl.java:301)
		at org.apache.tomcat.util.net.NioEndpoint.initServerSocket(NioEndpoint.java:265)
		at org.apache.tomcat.util.net.NioEndpoint.bind(NioEndpoint.java:220)
		at org.apache.tomcat.util.net.AbstractEndpoint.bindWithCleanup(AbstractEndpoint.java:1600)
		at org.apache.tomcat.util.net.AbstractEndpoint.init(AbstractEndpoint.java:1613)
		at org.apache.coyote.AbstractProtocol.init(AbstractProtocol.java:633)
		at org.apache.coyote.http11.AbstractHttp11Protocol.init(AbstractHttp11Protocol.java:83)
		at org.apache.catalina.connector.Connector.initInternal(Connector.java:1074)
		... 11 more
06-Dec-2025 22:51:16.968 INFO [main] org.apache.catalina.startup.Catalina.load Server initialization in [289] milliseconds
06-Dec-2025 22:51:16.991 INFO [main] org.apache.catalina.core.StandardService.startInternal Starting service [Catalina]
06-Dec-2025 22:51:16.991 INFO [main] org.apache.catalina.core.StandardEngine.startInternal Starting Servlet engine: [Apache Tomcat/11.0.14]
06-Dec-2025 22:51:16.996 INFO [main] org.apache.catalina.startup.HostConfig.deployDirectory Deploying web application directory [/Users/vchitturi/Desktop/Thrift Shop Final/apache-tomcat-11.0.14/webapps/Images]
06-Dec-2025 22:51:17.129 INFO [main] org.apache.catalina.startup.HostConfig.deployDirectory Deployment of web application directory [/Users/vchitturi/Desktop/Thrift Shop Final/apache-tomcat-11.0.14/webapps/Images] has finished in [132] ms
06-Dec-2025 22:51:17.129 INFO [main] org.apache.catalina.startup.HostConfig.deployDirectory Deploying web application directory [/Users/vchitturi/Desktop/Thrift Shop Final/apache-tomcat-11.0.14/webapps/organize]
06-Dec-2025 22:51:17.137 INFO [main] org.apache.catalina.startup.HostConfig.deployDirectory Deployment of web application directory [/Users/vchitturi/Desktop/Thrift Shop Final/apache-tomcat-11.0.14/webapps/organize] has finished in [8] ms
06-Dec-2025 22:51:17.137 INFO [main] org.apache.catalina.startup.HostConfig.deployDirectory Deploying web application directory [/Users/vchitturi/Desktop/Thrift Shop Final/apache-tomcat-11.0.14/webapps/ThriftShop]
06-Dec-2025 22:51:17.284 INFO [main] org.apache.jasper.servlet.TldScanner.scanJars At least one JAR was scanned for TLDs yet contained no TLDs. Enable debug logging for this logger for a complete list of JARs that were scanned but no TLDs were found in them. Skipping unneeded JARs during scanning can improve startup time and JSP compilation time.
06-Dec-2025 22:51:17.285 INFO [main] org.apache.catalina.startup.HostConfig.deployDirectory Deployment of web application directory [/Users/vchitturi/Desktop/Thrift Shop Final/apache-tomcat-11.0.14/webapps/ThriftShop] has finished in [148] ms
06-Dec-2025 22:51:17.286 INFO [main] org.apache.catalina.startup.Catalina.start Server startup in [318] milliseconds
06-Dec-2025 22:51:17.289 SEVERE [main] org.apache.catalina.core.StandardServer.await Failed to create server shutdown socket on address [localhost] and port [8005] (base port [8005] and offset [0])
	java.net.BindException: Address already in use
		at java.base/sun.nio.ch.Net.bind0(Native Method)
		at java.base/sun.nio.ch.Net.bind(Net.java:565)
		at java.base/sun.nio.ch.Net.bind(Net.java:554)
		at java.base/sun.nio.ch.NioSocketImpl.bind(NioSocketImpl.java:636)
		at java.base/java.net.ServerSocket.bind(ServerSocket.java:390)
		at java.base/java.net.ServerSocket.<init>(ServerSocket.java:277)
		at org.apache.catalina.core.StandardServer.await(StandardServer.java:530)
		at org.apache.catalina.startup.Catalina.await(Catalina.java:846)
		at org.apache.catalina.startup.Catalina.start(Catalina.java:794)
		at java.base/jdk.internal.reflect.DirectMethodHandleAccessor.invoke(DirectMethodHandleAccessor.java:103)
		at java.base/java.lang.reflect.Method.invoke(Method.java:580)
		at org.apache.catalina.startup.Bootstrap.start(Bootstrap.java:339)
		at org.apache.catalina.startup.Bootstrap.main(Bootstrap.java:470)
06-Dec-2025 22:51:17.289 INFO [main] org.apache.coyote.AbstractProtocol.pause Pausing ProtocolHandler ["http-nio-8080"]
06-Dec-2025 22:51:17.289 INFO [main] org.apache.catalina.core.StandardService.stopInternal Stopping service [Catalina]
06-Dec-2025 22:51:17.297 INFO [main] org.apache.coyote.AbstractProtocol.stop Stopping ProtocolHandler ["http-nio-8080"]
06-Dec-2025 22:51:17.297 INFO [main] org.apache.coyote.AbstractProtocol.destroy Destroying ProtocolHandler ["http-nio-8080"]
