19-Nov-2025 16:08:54.612 SEVERE [http-nio-8080-exec-18] org.apache.catalina.core.StandardWrapperValve.invoke Servlet.service() for servlet [jsp] in context with path [/ThriftShop] threw exception [org.apache.jasper.JasperException: Unable to compile class for JSP: 

An error occurred at line: [14] in the generated java file: [/Users/vchitturi/Desktop/Thrift Shop Final/apache-tomcat-11.0.14/work/Catalina/localhost/ThriftShop/org/apache/jsp/LoginPage/login_jsp.java]
The import ApplicationDB cannot be resolved

An error occurred at line: [6] in the jsp file: [/LoginPage/login.jsp]
ApplicationDB cannot be resolved to a type
3: <% 
4: String usernameValue = request.getParameter("username");
5: String passwordValue = request.getParameter("password");
6: ApplicationDB applicationDB = new ApplicationDB();
7: Connection connection = applicationDB.getConnection();
8: Statement statement = connection.createStatement();
9: ResultSet rs = statement.executeQuery("SELECT * from users WHERE username = '" + usernameValue + "' and password = '" + passwordValue + "' ");


An error occurred at line: [6] in the jsp file: [/LoginPage/login.jsp]
ApplicationDB cannot be resolved to a type
3: <% 
4: String usernameValue = request.getParameter("username");
5: String passwordValue = request.getParameter("password");
6: ApplicationDB applicationDB = new ApplicationDB();
7: Connection connection = applicationDB.getConnection();
8: Statement statement = connection.createStatement();
9: ResultSet rs = statement.executeQuery("SELECT * from users WHERE username = '" + usernameValue + "' and password = '" + passwordValue + "' ");


Stacktrace:] with root cause
	org.apache.jasper.JasperException: Unable to compile class for JSP: 

An error occurred at line: [14] in the generated java file: [/Users/vchitturi/Desktop/Thrift Shop Final/apache-tomcat-11.0.14/work/Catalina/localhost/ThriftShop/org/apache/jsp/LoginPage/login_jsp.java]
The import ApplicationDB cannot be resolved

An error occurred at line: [6] in the jsp file: [/LoginPage/login.jsp]
ApplicationDB cannot be resolved to a type
3: <% 
4: String usernameValue = request.getParameter("username");
5: String passwordValue = request.getParameter("password");
6: ApplicationDB applicationDB = new ApplicationDB();
7: Connection connection = applicationDB.getConnection();
8: Statement statement = connection.createStatement();
9: ResultSet rs = statement.executeQuery("SELECT * from users WHERE username = '" + usernameValue + "' and password = '" + passwordValue + "' ");


An error occurred at line: [6] in the jsp file: [/LoginPage/login.jsp]
ApplicationDB cannot be resolved to a type
3: <% 
4: String usernameValue = request.getParameter("username");
5: String passwordValue = request.getParameter("password");
6: ApplicationDB applicationDB = new ApplicationDB();
7: Connection connection = applicationDB.getConnection();
8: Statement statement = connection.createStatement();
9: ResultSet rs = statement.executeQuery("SELECT * from users WHERE username = '" + usernameValue + "' and password = '" + passwordValue + "' ");


Stacktrace:
		at org.apache.jasper.compiler.DefaultErrorHandler.javacError(DefaultErrorHandler.java:70)
		at org.apache.jasper.compiler.ErrorDispatcher.javacError(ErrorDispatcher.java:189)
		at org.apache.jasper.compiler.JDTCompiler.generateClass(JDTCompiler.java:523)
		at org.apache.jasper.compiler.Compiler.compile(Compiler.java:367)
		at org.apache.jasper.compiler.Compiler.compile(Compiler.java:339)
		at org.apache.jasper.compiler.Compiler.compile(Compiler.java:325)
		at org.apache.jasper.JspCompilationContext.compile(JspCompilationContext.java:585)
		at org.apache.jasper.servlet.JspServletWrapper.service(JspServletWrapper.java:368)
		at org.apache.jasper.servlet.JspServlet.serviceJspFile(JspServlet.java:330)
		at org.apache.jasper.servlet.JspServlet.service(JspServlet.java:281)
		at jakarta.servlet.http.HttpServlet.service(HttpServlet.java:710)
		at org.apache.catalina.core.ApplicationFilterChain.doFilter(ApplicationFilterChain.java:128)
		at org.apache.tomcat.websocket.server.WsFilter.doFilter(WsFilter.java:53)
		at org.apache.catalina.core.ApplicationFilterChain.doFilter(ApplicationFilterChain.java:107)
		at org.apache.catalina.core.StandardWrapperValve.invoke(StandardWrapperValve.java:165)
		at org.apache.catalina.core.StandardContextValve.invoke(StandardContextValve.java:77)
		at org.apache.catalina.authenticator.AuthenticatorBase.invoke(AuthenticatorBase.java:482)
		at org.apache.catalina.core.StandardHostValve.invoke(StandardHostValve.java:113)
		at org.apache.catalina.valves.ErrorReportValve.invoke(ErrorReportValve.java:83)
		at org.apache.catalina.valves.AbstractAccessLogValve.invoke(AbstractAccessLogValve.java:654)
		at org.apache.catalina.core.StandardEngineValve.invoke(StandardEngineValve.java:72)
		at org.apache.catalina.connector.CoyoteAdapter.service(CoyoteAdapter.java:341)
		at org.apache.coyote.http11.Http11Processor.service(Http11Processor.java:397)
		at org.apache.coyote.AbstractProcessorLight.process(AbstractProcessorLight.java:63)
		at org.apache.coyote.AbstractProtocol$ConnectionHandler.process(AbstractProtocol.java:903)
		at org.apache.tomcat.util.net.NioEndpoint$SocketProcessor.doRun(NioEndpoint.java:1778)
		at org.apache.tomcat.util.net.SocketProcessorBase.run(SocketProcessorBase.java:52)
		at org.apache.tomcat.util.threads.ThreadPoolExecutor.runWorker(ThreadPoolExecutor.java:946)
		at org.apache.tomcat.util.threads.ThreadPoolExecutor$Worker.run(ThreadPoolExecutor.java:480)
		at org.apache.tomcat.util.threads.TaskThread$WrappingRunnable.run(TaskThread.java:57)
		at java.base/java.lang.Thread.run(Thread.java:1570)
19-Nov-2025 16:23:46.511 SEVERE [http-nio-8080-exec-20] org.apache.catalina.core.StandardWrapperValve.invoke Servlet.service() for servlet [jsp] in context with path [/ThriftShop] threw exception [org.apache.jasper.JasperException: Unable to compile class for JSP: 

An error occurred at line: [14] in the generated java file: [/Users/vchitturi/Desktop/Thrift Shop Final/apache-tomcat-11.0.14/work/Catalina/localhost/ThriftShop/org/apache/jsp/LoginPage/login_jsp.java]
The import ApplicationDB cannot be resolved

An error occurred at line: [6] in the jsp file: [/LoginPage/login.jsp]
ApplicationDB cannot be resolved to a type
3: <% 
4: String usernameValue = request.getParameter("username");
5: String passwordValue = request.getParameter("password");
6: ApplicationDB applicationDB = new ApplicationDB();
7: Connection connection = applicationDB.getConnection();
8: Statement statement = connection.createStatement();
9: ResultSet rs = statement.executeQuery("SELECT * from users WHERE username = '" + usernameValue + "' and password = '" + passwordValue + "' ");


An error occurred at line: [6] in the jsp file: [/LoginPage/login.jsp]
ApplicationDB cannot be resolved to a type
3: <% 
4: String usernameValue = request.getParameter("username");
5: String passwordValue = request.getParameter("password");
6: ApplicationDB applicationDB = new ApplicationDB();
7: Connection connection = applicationDB.getConnection();
8: Statement statement = connection.createStatement();
9: ResultSet rs = statement.executeQuery("SELECT * from users WHERE username = '" + usernameValue + "' and password = '" + passwordValue + "' ");


Stacktrace:] with root cause
	org.apache.jasper.JasperException: Unable to compile class for JSP: 

An error occurred at line: [14] in the generated java file: [/Users/vchitturi/Desktop/Thrift Shop Final/apache-tomcat-11.0.14/work/Catalina/localhost/ThriftShop/org/apache/jsp/LoginPage/login_jsp.java]
The import ApplicationDB cannot be resolved

An error occurred at line: [6] in the jsp file: [/LoginPage/login.jsp]
ApplicationDB cannot be resolved to a type
3: <% 
4: String usernameValue = request.getParameter("username");
5: String passwordValue = request.getParameter("password");
6: ApplicationDB applicationDB = new ApplicationDB();
7: Connection connection = applicationDB.getConnection();
8: Statement statement = connection.createStatement();
9: ResultSet rs = statement.executeQuery("SELECT * from users WHERE username = '" + usernameValue + "' and password = '" + passwordValue + "' ");


An error occurred at line: [6] in the jsp file: [/LoginPage/login.jsp]
ApplicationDB cannot be resolved to a type
3: <% 
4: String usernameValue = request.getParameter("username");
5: String passwordValue = request.getParameter("password");
6: ApplicationDB applicationDB = new ApplicationDB();
7: Connection connection = applicationDB.getConnection();
8: Statement statement = connection.createStatement();
9: ResultSet rs = statement.executeQuery("SELECT * from users WHERE username = '" + usernameValue + "' and password = '" + passwordValue + "' ");


Stacktrace:
		at org.apache.jasper.compiler.DefaultErrorHandler.javacError(DefaultErrorHandler.java:70)
		at org.apache.jasper.compiler.ErrorDispatcher.javacError(ErrorDispatcher.java:189)
		at org.apache.jasper.compiler.JDTCompiler.generateClass(JDTCompiler.java:523)
		at org.apache.jasper.compiler.Compiler.compile(Compiler.java:367)
		at org.apache.jasper.compiler.Compiler.compile(Compiler.java:339)
		at org.apache.jasper.compiler.Compiler.compile(Compiler.java:325)
		at org.apache.jasper.JspCompilationContext.compile(JspCompilationContext.java:585)
		at org.apache.jasper.servlet.JspServletWrapper.service(JspServletWrapper.java:368)
		at org.apache.jasper.servlet.JspServlet.serviceJspFile(JspServlet.java:330)
		at org.apache.jasper.servlet.JspServlet.service(JspServlet.java:281)
		at jakarta.servlet.http.HttpServlet.service(HttpServlet.java:710)
		at org.apache.catalina.core.ApplicationFilterChain.doFilter(ApplicationFilterChain.java:128)
		at org.apache.tomcat.websocket.server.WsFilter.doFilter(WsFilter.java:53)
		at org.apache.catalina.core.ApplicationFilterChain.doFilter(ApplicationFilterChain.java:107)
		at org.apache.catalina.core.StandardWrapperValve.invoke(StandardWrapperValve.java:165)
		at org.apache.catalina.core.StandardContextValve.invoke(StandardContextValve.java:77)
		at org.apache.catalina.authenticator.AuthenticatorBase.invoke(AuthenticatorBase.java:482)
		at org.apache.catalina.core.StandardHostValve.invoke(StandardHostValve.java:113)
		at org.apache.catalina.valves.ErrorReportValve.invoke(ErrorReportValve.java:83)
		at org.apache.catalina.valves.AbstractAccessLogValve.invoke(AbstractAccessLogValve.java:654)
		at org.apache.catalina.core.StandardEngineValve.invoke(StandardEngineValve.java:72)
		at org.apache.catalina.connector.CoyoteAdapter.service(CoyoteAdapter.java:341)
		at org.apache.coyote.http11.Http11Processor.service(Http11Processor.java:397)
		at org.apache.coyote.AbstractProcessorLight.process(AbstractProcessorLight.java:63)
		at org.apache.coyote.AbstractProtocol$ConnectionHandler.process(AbstractProtocol.java:903)
		at org.apache.tomcat.util.net.NioEndpoint$SocketProcessor.doRun(NioEndpoint.java:1778)
		at org.apache.tomcat.util.net.SocketProcessorBase.run(SocketProcessorBase.java:52)
		at org.apache.tomcat.util.threads.ThreadPoolExecutor.runWorker(ThreadPoolExecutor.java:946)
		at org.apache.tomcat.util.threads.ThreadPoolExecutor$Worker.run(ThreadPoolExecutor.java:480)
		at org.apache.tomcat.util.threads.TaskThread$WrappingRunnable.run(TaskThread.java:57)
		at java.base/java.lang.Thread.run(Thread.java:1570)
19-Nov-2025 16:24:23.910 SEVERE [http-nio-8080-exec-12] org.apache.catalina.core.StandardWrapperValve.invoke Servlet.service() for servlet [jsp] in context with path [/ThriftShop] threw exception [org.apache.jasper.JasperException: Unable to compile class for JSP: 

An error occurred at line: [14] in the generated java file: [/Users/vchitturi/Desktop/Thrift Shop Final/apache-tomcat-11.0.14/work/Catalina/localhost/ThriftShop/org/apache/jsp/LoginPage/login_jsp.java]
The import ApplicationDB cannot be resolved

An error occurred at line: [6] in the jsp file: [/LoginPage/login.jsp]
ApplicationDB cannot be resolved to a type
3: <% 
4: String usernameValue = request.getParameter("username");
5: String passwordValue = request.getParameter("password");
6: ApplicationDB applicationDB = new ApplicationDB();
7: Connection connection = applicationDB.getConnection();
8: Statement statement = connection.createStatement();
9: ResultSet rs = statement.executeQuery("SELECT * from users WHERE username = '" + usernameValue + "' and password = '" + passwordValue + "' ");


An error occurred at line: [6] in the jsp file: [/LoginPage/login.jsp]
ApplicationDB cannot be resolved to a type
3: <% 
4: String usernameValue = request.getParameter("username");
5: String passwordValue = request.getParameter("password");
6: ApplicationDB applicationDB = new ApplicationDB();
7: Connection connection = applicationDB.getConnection();
8: Statement statement = connection.createStatement();
9: ResultSet rs = statement.executeQuery("SELECT * from users WHERE username = '" + usernameValue + "' and password = '" + passwordValue + "' ");


Stacktrace:] with root cause
	org.apache.jasper.JasperException: Unable to compile class for JSP: 

An error occurred at line: [14] in the generated java file: [/Users/vchitturi/Desktop/Thrift Shop Final/apache-tomcat-11.0.14/work/Catalina/localhost/ThriftShop/org/apache/jsp/LoginPage/login_jsp.java]
The import ApplicationDB cannot be resolved

An error occurred at line: [6] in the jsp file: [/LoginPage/login.jsp]
ApplicationDB cannot be resolved to a type
3: <% 
4: String usernameValue = request.getParameter("username");
5: String passwordValue = request.getParameter("password");
6: ApplicationDB applicationDB = new ApplicationDB();
7: Connection connection = applicationDB.getConnection();
8: Statement statement = connection.createStatement();
9: ResultSet rs = statement.executeQuery("SELECT * from users WHERE username = '" + usernameValue + "' and password = '" + passwordValue + "' ");


An error occurred at line: [6] in the jsp file: [/LoginPage/login.jsp]
ApplicationDB cannot be resolved to a type
3: <% 
4: String usernameValue = request.getParameter("username");
5: String passwordValue = request.getParameter("password");
6: ApplicationDB applicationDB = new ApplicationDB();
7: Connection connection = applicationDB.getConnection();
8: Statement statement = connection.createStatement();
9: ResultSet rs = statement.executeQuery("SELECT * from users WHERE username = '" + usernameValue + "' and password = '" + passwordValue + "' ");


Stacktrace:
		at org.apache.jasper.compiler.DefaultErrorHandler.javacError(DefaultErrorHandler.java:70)
		at org.apache.jasper.compiler.ErrorDispatcher.javacError(ErrorDispatcher.java:189)
		at org.apache.jasper.compiler.JDTCompiler.generateClass(JDTCompiler.java:523)
		at org.apache.jasper.compiler.Compiler.compile(Compiler.java:367)
		at org.apache.jasper.compiler.Compiler.compile(Compiler.java:339)
		at org.apache.jasper.compiler.Compiler.compile(Compiler.java:325)
		at org.apache.jasper.JspCompilationContext.compile(JspCompilationContext.java:585)
		at org.apache.jasper.servlet.JspServletWrapper.service(JspServletWrapper.java:368)
		at org.apache.jasper.servlet.JspServlet.serviceJspFile(JspServlet.java:330)
		at org.apache.jasper.servlet.JspServlet.service(JspServlet.java:281)
		at jakarta.servlet.http.HttpServlet.service(HttpServlet.java:710)
		at org.apache.catalina.core.ApplicationFilterChain.doFilter(ApplicationFilterChain.java:128)
		at org.apache.tomcat.websocket.server.WsFilter.doFilter(WsFilter.java:53)
		at org.apache.catalina.core.ApplicationFilterChain.doFilter(ApplicationFilterChain.java:107)
		at org.apache.catalina.core.StandardWrapperValve.invoke(StandardWrapperValve.java:165)
		at org.apache.catalina.core.StandardContextValve.invoke(StandardContextValve.java:77)
		at org.apache.catalina.authenticator.AuthenticatorBase.invoke(AuthenticatorBase.java:482)
		at org.apache.catalina.core.StandardHostValve.invoke(StandardHostValve.java:113)
		at org.apache.catalina.valves.ErrorReportValve.invoke(ErrorReportValve.java:83)
		at org.apache.catalina.valves.AbstractAccessLogValve.invoke(AbstractAccessLogValve.java:654)
		at org.apache.catalina.core.StandardEngineValve.invoke(StandardEngineValve.java:72)
		at org.apache.catalina.connector.CoyoteAdapter.service(CoyoteAdapter.java:341)
		at org.apache.coyote.http11.Http11Processor.service(Http11Processor.java:397)
		at org.apache.coyote.AbstractProcessorLight.process(AbstractProcessorLight.java:63)
		at org.apache.coyote.AbstractProtocol$ConnectionHandler.process(AbstractProtocol.java:903)
		at org.apache.tomcat.util.net.NioEndpoint$SocketProcessor.doRun(NioEndpoint.java:1778)
		at org.apache.tomcat.util.net.SocketProcessorBase.run(SocketProcessorBase.java:52)
		at org.apache.tomcat.util.threads.ThreadPoolExecutor.runWorker(ThreadPoolExecutor.java:946)
		at org.apache.tomcat.util.threads.ThreadPoolExecutor$Worker.run(ThreadPoolExecutor.java:480)
		at org.apache.tomcat.util.threads.TaskThread$WrappingRunnable.run(TaskThread.java:57)
		at java.base/java.lang.Thread.run(Thread.java:1570)
19-Nov-2025 16:24:26.339 SEVERE [http-nio-8080-exec-13] org.apache.catalina.core.StandardWrapperValve.invoke Servlet.service() for servlet [jsp] in context with path [/ThriftShop] threw exception [org.apache.jasper.JasperException: java.lang.ClassNotFoundException: org.apache.jsp.LoginPage.login_jsp] with root cause
	java.lang.ClassNotFoundException: org.apache.jsp.LoginPage.login_jsp
		at java.base/java.net.URLClassLoader.findClass(URLClassLoader.java:445)
		at org.apache.jasper.servlet.JasperLoader.loadClass(JasperLoader.java:93)
		at org.apache.jasper.servlet.JasperLoader.loadClass(JasperLoader.java:47)
		at org.apache.catalina.core.DefaultInstanceManager.newInstance(DefaultInstanceManager.java:147)
		at org.apache.jasper.servlet.JspServletWrapper.getServlet(JspServletWrapper.java:163)
		at org.apache.jasper.servlet.JspServletWrapper.service(JspServletWrapper.java:382)
		at org.apache.jasper.servlet.JspServlet.serviceJspFile(JspServlet.java:330)
		at org.apache.jasper.servlet.JspServlet.service(JspServlet.java:281)
		at jakarta.servlet.http.HttpServlet.service(HttpServlet.java:710)
		at org.apache.catalina.core.ApplicationFilterChain.doFilter(ApplicationFilterChain.java:128)
		at org.apache.tomcat.websocket.server.WsFilter.doFilter(WsFilter.java:53)
		at org.apache.catalina.core.ApplicationFilterChain.doFilter(ApplicationFilterChain.java:107)
		at org.apache.catalina.core.StandardWrapperValve.invoke(StandardWrapperValve.java:165)
		at org.apache.catalina.core.StandardContextValve.invoke(StandardContextValve.java:77)
		at org.apache.catalina.authenticator.AuthenticatorBase.invoke(AuthenticatorBase.java:482)
		at org.apache.catalina.core.StandardHostValve.invoke(StandardHostValve.java:113)
		at org.apache.catalina.valves.ErrorReportValve.invoke(ErrorReportValve.java:83)
		at org.apache.catalina.valves.AbstractAccessLogValve.invoke(AbstractAccessLogValve.java:654)
		at org.apache.catalina.core.StandardEngineValve.invoke(StandardEngineValve.java:72)
		at org.apache.catalina.connector.CoyoteAdapter.service(CoyoteAdapter.java:341)
		at org.apache.coyote.http11.Http11Processor.service(Http11Processor.java:397)
		at org.apache.coyote.AbstractProcessorLight.process(AbstractProcessorLight.java:63)
		at org.apache.coyote.AbstractProtocol$ConnectionHandler.process(AbstractProtocol.java:903)
		at org.apache.tomcat.util.net.NioEndpoint$SocketProcessor.doRun(NioEndpoint.java:1778)
		at org.apache.tomcat.util.net.SocketProcessorBase.run(SocketProcessorBase.java:52)
		at org.apache.tomcat.util.threads.ThreadPoolExecutor.runWorker(ThreadPoolExecutor.java:946)
		at org.apache.tomcat.util.threads.ThreadPoolExecutor$Worker.run(ThreadPoolExecutor.java:480)
		at org.apache.tomcat.util.threads.TaskThread$WrappingRunnable.run(TaskThread.java:57)
		at java.base/java.lang.Thread.run(Thread.java:1570)
19-Nov-2025 19:33:46.692 SEVERE [http-nio-8080-exec-14] org.apache.catalina.core.StandardWrapperValve.invoke Servlet.service() for servlet [jsp] in context with path [/ThriftShop] threw exception [org.apache.jasper.JasperException: Unable to compile class for JSP: 

An error occurred at line: [14] in the generated java file: [/Users/vchitturi/Desktop/Thrift Shop Final/apache-tomcat-11.0.14/work/Catalina/localhost/ThriftShop/org/apache/jsp/LoginPage/login_jsp.java]
The import ApplicationDB cannot be resolved

An error occurred at line: [6] in the jsp file: [/LoginPage/login.jsp]
ApplicationDB cannot be resolved to a type
3: <% 
4: String usernameValue = request.getParameter("username");
5: String passwordValue = request.getParameter("password");
6: ApplicationDB applicationDB = new ApplicationDB();
7: Connection connection = applicationDB.getConnection();
8: Statement statement = connection.createStatement();
9: ResultSet rs = statement.executeQuery("SELECT * from users WHERE username = '" + usernameValue + "' and password = '" + passwordValue + "' ");


An error occurred at line: [6] in the jsp file: [/LoginPage/login.jsp]
ApplicationDB cannot be resolved to a type
3: <% 
4: String usernameValue = request.getParameter("username");
5: String passwordValue = request.getParameter("password");
6: ApplicationDB applicationDB = new ApplicationDB();
7: Connection connection = applicationDB.getConnection();
8: Statement statement = connection.createStatement();
9: ResultSet rs = statement.executeQuery("SELECT * from users WHERE username = '" + usernameValue + "' and password = '" + passwordValue + "' ");


Stacktrace:] with root cause
	org.apache.jasper.JasperException: Unable to compile class for JSP: 

An error occurred at line: [14] in the generated java file: [/Users/vchitturi/Desktop/Thrift Shop Final/apache-tomcat-11.0.14/work/Catalina/localhost/ThriftShop/org/apache/jsp/LoginPage/login_jsp.java]
The import ApplicationDB cannot be resolved

An error occurred at line: [6] in the jsp file: [/LoginPage/login.jsp]
ApplicationDB cannot be resolved to a type
3: <% 
4: String usernameValue = request.getParameter("username");
5: String passwordValue = request.getParameter("password");
6: ApplicationDB applicationDB = new ApplicationDB();
7: Connection connection = applicationDB.getConnection();
8: Statement statement = connection.createStatement();
9: ResultSet rs = statement.executeQuery("SELECT * from users WHERE username = '" + usernameValue + "' and password = '" + passwordValue + "' ");


An error occurred at line: [6] in the jsp file: [/LoginPage/login.jsp]
ApplicationDB cannot be resolved to a type
3: <% 
4: String usernameValue = request.getParameter("username");
5: String passwordValue = request.getParameter("password");
6: ApplicationDB applicationDB = new ApplicationDB();
7: Connection connection = applicationDB.getConnection();
8: Statement statement = connection.createStatement();
9: ResultSet rs = statement.executeQuery("SELECT * from users WHERE username = '" + usernameValue + "' and password = '" + passwordValue + "' ");


Stacktrace:
		at org.apache.jasper.compiler.DefaultErrorHandler.javacError(DefaultErrorHandler.java:70)
		at org.apache.jasper.compiler.ErrorDispatcher.javacError(ErrorDispatcher.java:189)
		at org.apache.jasper.compiler.JDTCompiler.generateClass(JDTCompiler.java:523)
		at org.apache.jasper.compiler.Compiler.compile(Compiler.java:367)
		at org.apache.jasper.compiler.Compiler.compile(Compiler.java:339)
		at org.apache.jasper.compiler.Compiler.compile(Compiler.java:325)
		at org.apache.jasper.JspCompilationContext.compile(JspCompilationContext.java:585)
		at org.apache.jasper.servlet.JspServletWrapper.service(JspServletWrapper.java:368)
		at org.apache.jasper.servlet.JspServlet.serviceJspFile(JspServlet.java:330)
		at org.apache.jasper.servlet.JspServlet.service(JspServlet.java:281)
		at jakarta.servlet.http.HttpServlet.service(HttpServlet.java:710)
		at org.apache.catalina.core.ApplicationFilterChain.doFilter(ApplicationFilterChain.java:128)
		at org.apache.tomcat.websocket.server.WsFilter.doFilter(WsFilter.java:53)
		at org.apache.catalina.core.ApplicationFilterChain.doFilter(ApplicationFilterChain.java:107)
		at org.apache.catalina.core.StandardWrapperValve.invoke(StandardWrapperValve.java:165)
		at org.apache.catalina.core.StandardContextValve.invoke(StandardContextValve.java:77)
		at org.apache.catalina.authenticator.AuthenticatorBase.invoke(AuthenticatorBase.java:482)
		at org.apache.catalina.core.StandardHostValve.invoke(StandardHostValve.java:113)
		at org.apache.catalina.valves.ErrorReportValve.invoke(ErrorReportValve.java:83)
		at org.apache.catalina.valves.AbstractAccessLogValve.invoke(AbstractAccessLogValve.java:654)
		at org.apache.catalina.core.StandardEngineValve.invoke(StandardEngineValve.java:72)
		at org.apache.catalina.connector.CoyoteAdapter.service(CoyoteAdapter.java:341)
		at org.apache.coyote.http11.Http11Processor.service(Http11Processor.java:397)
		at org.apache.coyote.AbstractProcessorLight.process(AbstractProcessorLight.java:63)
		at org.apache.coyote.AbstractProtocol$ConnectionHandler.process(AbstractProtocol.java:903)
		at org.apache.tomcat.util.net.NioEndpoint$SocketProcessor.doRun(NioEndpoint.java:1778)
		at org.apache.tomcat.util.net.SocketProcessorBase.run(SocketProcessorBase.java:52)
		at org.apache.tomcat.util.threads.ThreadPoolExecutor.runWorker(ThreadPoolExecutor.java:946)
		at org.apache.tomcat.util.threads.ThreadPoolExecutor$Worker.run(ThreadPoolExecutor.java:480)
		at org.apache.tomcat.util.threads.TaskThread$WrappingRunnable.run(TaskThread.java:57)
		at java.base/java.lang.Thread.run(Thread.java:1570)
