07-Dec-2025 04:42:54.961 SEVERE [http-nio-8080-exec-4] org.apache.catalina.core.StandardWrapperValve.invoke Servlet.service() for servlet [jsp] in context with path [/ThriftShop] threw exception [An exception occurred processing [/WebsitePages/notifications.jsp] at line [161]

158:             out.println("<p>Auction Close Date: " + auctionCloseDateValueDisplay + "</p>");
159:             out.println("<p>Auction Close Time: " + auctionCloseTimeValueDisplay + "</p>");
160:             String biddersMaxBidValue = "select maxBidValue from topsIncrementBids where buyerIdValue = '" + userIdValue + "' and topIdValue = '" + topIdValueOfItemsBiddedOnByBidder.get(i) + "' order by bidIdValue desc LIMIT 1";
161:             ResultSet biddersMaxBidValueResult = st.executeQuery(biddersMaxBidValue);
162:             Integer biddersMaxBidValueValue = null;
163:             if(biddersMaxBidValueResult.next()) {  
164:                 biddersMaxBidValueValue = biddersMaxBidValueResult.getInt("maxBidValue"); 


Stacktrace:] with root cause
	java.sql.SQLSyntaxErrorException: Unknown column 'maxBidValue' in 'field list'
		at com.mysql.cj.jdbc.exceptions.SQLError.createSQLException(SQLError.java:112)
		at com.mysql.cj.jdbc.exceptions.SQLExceptionsMapping.translateException(SQLExceptionsMapping.java:114)
		at com.mysql.cj.jdbc.StatementImpl.executeQuery(StatementImpl.java:1311)
		at org.apache.jsp.WebsitePages.notifications_jsp._jspService(notifications_jsp.java:288)
		at org.apache.jasper.runtime.HttpJspBase.service(HttpJspBase.java:64)
		at jakarta.servlet.http.HttpServlet.service(HttpServlet.java:710)
		at org.apache.jasper.servlet.JspServletWrapper.service(JspServletWrapper.java:428)
		at org.apache.jasper.servlet.JspServlet.serviceJspFile(JspServlet.java:330)
		at org.apache.jasper.servlet.JspServlet.service(JspServlet.java:281)
		at jakarta.servlet.http.HttpServlet.service(HttpServlet.java:710)
		at org.apache.catalina.core.ApplicationFilterChain.doFilter(ApplicationFilterChain.java:128)
		at org.apache.tomcat.websocket.server.WsFilter.doFilter(WsFilter.java:53)
		at org.apache.catalina.core.ApplicationFilterChain.doFilter(ApplicationFilterChain.java:107)
		at org.apache.catalina.core.StandardWrapperValve.invoke(StandardWrapperValve.java:165)
		at org.apache.catalina.core.StandardContextValve.invoke(StandardContextValve.java:77)
		at org.apache.catalina.authenticator.AuthenticatorBase.invoke(AuthenticatorBase.java:482)
		at org.apache.catalina.core.StandardHostValve.invoke(StandardHostValve.java:113)
		at org.apache.catalina.valves.ErrorReportValve.invoke(ErrorReportValve.java:83)
		at org.apache.catalina.valves.AbstractAccessLogValve.invoke(AbstractAccessLogValve.java:654)
		at org.apache.catalina.core.StandardEngineValve.invoke(StandardEngineValve.java:72)
		at org.apache.catalina.connector.CoyoteAdapter.service(CoyoteAdapter.java:341)
		at org.apache.coyote.http11.Http11Processor.service(Http11Processor.java:397)
		at org.apache.coyote.AbstractProcessorLight.process(AbstractProcessorLight.java:63)
		at org.apache.coyote.AbstractProtocol$ConnectionHandler.process(AbstractProtocol.java:903)
		at org.apache.tomcat.util.net.NioEndpoint$SocketProcessor.doRun(NioEndpoint.java:1778)
		at org.apache.tomcat.util.net.SocketProcessorBase.run(SocketProcessorBase.java:52)
		at org.apache.tomcat.util.threads.ThreadPoolExecutor.runWorker(ThreadPoolExecutor.java:946)
		at org.apache.tomcat.util.threads.ThreadPoolExecutor$Worker.run(ThreadPoolExecutor.java:480)
		at org.apache.tomcat.util.threads.TaskThread$WrappingRunnable.run(TaskThread.java:57)
		at java.base/java.lang.Thread.run(Thread.java:1570)
07-Dec-2025 04:46:25.683 SEVERE [http-nio-8080-exec-5] org.apache.catalina.core.StandardWrapperValve.invoke Servlet.service() for servlet [jsp] in context with path [/ThriftShop] threw exception [An exception occurred processing [/WebsitePages/notifications.jsp] at line [164]

161:             ResultSet biddersMaxBidValueResult = st.executeQuery(biddersMaxBidValue);
162:             Integer biddersMaxBidValueValue = null;
163:             if(biddersMaxBidValueResult.next()) {  
164:                 biddersMaxBidValueValue = biddersMaxBidValueResult.getInt("maxBidValue"); 
165:             }
166:             if(currentBidPriceValue < biddersMaxBidValueValue) {
167:                 out.println("<p>The bid price for the following top has gone to " + currentBidPriceValue + "</p>");


Stacktrace:] with root cause
	java.sql.SQLSyntaxErrorException: Column 'maxBidValue' not found.
		at com.mysql.cj.jdbc.exceptions.SQLError.createSQLException(SQLError.java:112)
		at com.mysql.cj.jdbc.exceptions.SQLError.createSQLException(SQLError.java:89)
		at com.mysql.cj.jdbc.exceptions.SQLError.createSQLException(SQLError.java:81)
		at com.mysql.cj.jdbc.exceptions.SQLError.createSQLException(SQLError.java:55)
		at com.mysql.cj.jdbc.result.ResultSetImpl.findColumn(ResultSetImpl.java:604)
		at com.mysql.cj.jdbc.result.ResultSetImpl.getInt(ResultSetImpl.java:877)
		at org.apache.jsp.WebsitePages.notifications_jsp._jspService(notifications_jsp.java:291)
		at org.apache.jasper.runtime.HttpJspBase.service(HttpJspBase.java:64)
		at jakarta.servlet.http.HttpServlet.service(HttpServlet.java:710)
		at org.apache.jasper.servlet.JspServletWrapper.service(JspServletWrapper.java:428)
		at org.apache.jasper.servlet.JspServlet.serviceJspFile(JspServlet.java:330)
		at org.apache.jasper.servlet.JspServlet.service(JspServlet.java:281)
		at jakarta.servlet.http.HttpServlet.service(HttpServlet.java:710)
		at org.apache.catalina.core.ApplicationFilterChain.doFilter(ApplicationFilterChain.java:128)
		at org.apache.tomcat.websocket.server.WsFilter.doFilter(WsFilter.java:53)
		at org.apache.catalina.core.ApplicationFilterChain.doFilter(ApplicationFilterChain.java:107)
		at org.apache.catalina.core.StandardWrapperValve.invoke(StandardWrapperValve.java:165)
		at org.apache.catalina.core.StandardContextValve.invoke(StandardContextValve.java:77)
		at org.apache.catalina.authenticator.AuthenticatorBase.invoke(AuthenticatorBase.java:482)
		at org.apache.catalina.core.StandardHostValve.invoke(StandardHostValve.java:113)
		at org.apache.catalina.valves.ErrorReportValve.invoke(ErrorReportValve.java:83)
		at org.apache.catalina.valves.AbstractAccessLogValve.invoke(AbstractAccessLogValve.java:654)
		at org.apache.catalina.core.StandardEngineValve.invoke(StandardEngineValve.java:72)
		at org.apache.catalina.connector.CoyoteAdapter.service(CoyoteAdapter.java:341)
		at org.apache.coyote.http11.Http11Processor.service(Http11Processor.java:397)
		at org.apache.coyote.AbstractProcessorLight.process(AbstractProcessorLight.java:63)
		at org.apache.coyote.AbstractProtocol$ConnectionHandler.process(AbstractProtocol.java:903)
		at org.apache.tomcat.util.net.NioEndpoint$SocketProcessor.doRun(NioEndpoint.java:1778)
		at org.apache.tomcat.util.net.SocketProcessorBase.run(SocketProcessorBase.java:52)
		at org.apache.tomcat.util.threads.ThreadPoolExecutor.runWorker(ThreadPoolExecutor.java:946)
		at org.apache.tomcat.util.threads.ThreadPoolExecutor$Worker.run(ThreadPoolExecutor.java:480)
		at org.apache.tomcat.util.threads.TaskThread$WrappingRunnable.run(TaskThread.java:57)
		at java.base/java.lang.Thread.run(Thread.java:1570)
07-Dec-2025 05:42:30.538 SEVERE [http-nio-8080-exec-3] org.apache.catalina.core.StandardWrapperValve.invoke Servlet.service() for servlet [jsp] in context with path [/ThriftShop] threw exception [An exception occurred processing [/WebsitePages/bidPage.jsp] at line [38]

35:             // STEP 3: TRIGGER AUTOMATIC BIDS FROM OTHER USERS
36:             // Get all users who have automatic bidding enabled for this item (excluding current user)
37:             String getAutoBidders = "select distinct buyerIdValue, bidMaxValue, bidIncrementValue from topsIncrementBids where topIdValue = '" + topIdValue + "' and buyerIdValue != '" + userIdValue + "' and bidMaxValue > 0 and bidIncrementValue > 0 order by bidIdValue desc";
38:             ResultSet autoBiddersResult = st.executeQuery(getAutoBidders);
39:             
40:             List<Integer> processedBidders = new ArrayList<>();
41:             Float currentBid = setnewbid;


Stacktrace:] with root cause
	java.sql.SQLException: Expression #1 of ORDER BY clause is not in SELECT list, references column 'thriftshop.topsIncrementBids.bidIdValue' which is not in SELECT list; this is incompatible with DISTINCT
		at com.mysql.cj.jdbc.exceptions.SQLError.createSQLException(SQLError.java:121)
		at com.mysql.cj.jdbc.exceptions.SQLExceptionsMapping.translateException(SQLExceptionsMapping.java:114)
		at com.mysql.cj.jdbc.StatementImpl.executeQuery(StatementImpl.java:1311)
		at org.apache.jsp.WebsitePages.bidPage_jsp._jspService(bidPage_jsp.java:168)
		at org.apache.jasper.runtime.HttpJspBase.service(HttpJspBase.java:64)
		at jakarta.servlet.http.HttpServlet.service(HttpServlet.java:710)
		at org.apache.jasper.servlet.JspServletWrapper.service(JspServletWrapper.java:428)
		at org.apache.jasper.servlet.JspServlet.serviceJspFile(JspServlet.java:330)
		at org.apache.jasper.servlet.JspServlet.service(JspServlet.java:281)
		at jakarta.servlet.http.HttpServlet.service(HttpServlet.java:710)
		at org.apache.catalina.core.ApplicationFilterChain.doFilter(ApplicationFilterChain.java:128)
		at org.apache.tomcat.websocket.server.WsFilter.doFilter(WsFilter.java:53)
		at org.apache.catalina.core.ApplicationFilterChain.doFilter(ApplicationFilterChain.java:107)
		at org.apache.catalina.core.StandardWrapperValve.invoke(StandardWrapperValve.java:165)
		at org.apache.catalina.core.StandardContextValve.invoke(StandardContextValve.java:77)
		at org.apache.catalina.authenticator.AuthenticatorBase.invoke(AuthenticatorBase.java:482)
		at org.apache.catalina.core.StandardHostValve.invoke(StandardHostValve.java:113)
		at org.apache.catalina.valves.ErrorReportValve.invoke(ErrorReportValve.java:83)
		at org.apache.catalina.valves.AbstractAccessLogValve.invoke(AbstractAccessLogValve.java:654)
		at org.apache.catalina.core.StandardEngineValve.invoke(StandardEngineValve.java:72)
		at org.apache.catalina.connector.CoyoteAdapter.service(CoyoteAdapter.java:341)
		at org.apache.coyote.http11.Http11Processor.service(Http11Processor.java:397)
		at org.apache.coyote.AbstractProcessorLight.process(AbstractProcessorLight.java:63)
		at org.apache.coyote.AbstractProtocol$ConnectionHandler.process(AbstractProtocol.java:903)
		at org.apache.tomcat.util.net.NioEndpoint$SocketProcessor.doRun(NioEndpoint.java:1778)
		at org.apache.tomcat.util.net.SocketProcessorBase.run(SocketProcessorBase.java:52)
		at org.apache.tomcat.util.threads.ThreadPoolExecutor.runWorker(ThreadPoolExecutor.java:946)
		at org.apache.tomcat.util.threads.ThreadPoolExecutor$Worker.run(ThreadPoolExecutor.java:480)
		at org.apache.tomcat.util.threads.TaskThread$WrappingRunnable.run(TaskThread.java:57)
		at java.base/java.lang.Thread.run(Thread.java:1570)
07-Dec-2025 05:43:10.108 SEVERE [http-nio-8080-exec-7] org.apache.catalina.core.StandardWrapperValve.invoke Servlet.service() for servlet [jsp] in context with path [/ThriftShop] threw exception [An exception occurred processing [/WebsitePages/bidPage.jsp] at line [38]

35:             // STEP 3: TRIGGER AUTOMATIC BIDS FROM OTHER USERS
36:             // Get all users who have automatic bidding enabled for this item (excluding current user)
37:             String getAutoBidders = "select distinct buyerIdValue, bidMaxValue, bidIncrementValue from topsIncrementBids where topIdValue = '" + topIdValue + "' and buyerIdValue != '" + userIdValue + "' and bidMaxValue > 0 and bidIncrementValue > 0 order by bidIdValue desc";
38:             ResultSet autoBiddersResult = st.executeQuery(getAutoBidders);
39:             
40:             List<Integer> processedBidders = new ArrayList<>();
41:             Float currentBid = setnewbid;


Stacktrace:] with root cause
	java.sql.SQLException: Expression #1 of ORDER BY clause is not in SELECT list, references column 'thriftshop.topsIncrementBids.bidIdValue' which is not in SELECT list; this is incompatible with DISTINCT
		at com.mysql.cj.jdbc.exceptions.SQLError.createSQLException(SQLError.java:121)
		at com.mysql.cj.jdbc.exceptions.SQLExceptionsMapping.translateException(SQLExceptionsMapping.java:114)
		at com.mysql.cj.jdbc.StatementImpl.executeQuery(StatementImpl.java:1311)
		at org.apache.jsp.WebsitePages.bidPage_jsp._jspService(bidPage_jsp.java:168)
		at org.apache.jasper.runtime.HttpJspBase.service(HttpJspBase.java:64)
		at jakarta.servlet.http.HttpServlet.service(HttpServlet.java:710)
		at org.apache.jasper.servlet.JspServletWrapper.service(JspServletWrapper.java:428)
		at org.apache.jasper.servlet.JspServlet.serviceJspFile(JspServlet.java:330)
		at org.apache.jasper.servlet.JspServlet.service(JspServlet.java:281)
		at jakarta.servlet.http.HttpServlet.service(HttpServlet.java:710)
		at org.apache.catalina.core.ApplicationFilterChain.doFilter(ApplicationFilterChain.java:128)
		at org.apache.tomcat.websocket.server.WsFilter.doFilter(WsFilter.java:53)
		at org.apache.catalina.core.ApplicationFilterChain.doFilter(ApplicationFilterChain.java:107)
		at org.apache.catalina.core.StandardWrapperValve.invoke(StandardWrapperValve.java:165)
		at org.apache.catalina.core.StandardContextValve.invoke(StandardContextValve.java:77)
		at org.apache.catalina.authenticator.AuthenticatorBase.invoke(AuthenticatorBase.java:482)
		at org.apache.catalina.core.StandardHostValve.invoke(StandardHostValve.java:113)
		at org.apache.catalina.valves.ErrorReportValve.invoke(ErrorReportValve.java:83)
		at org.apache.catalina.valves.AbstractAccessLogValve.invoke(AbstractAccessLogValve.java:654)
		at org.apache.catalina.core.StandardEngineValve.invoke(StandardEngineValve.java:72)
		at org.apache.catalina.connector.CoyoteAdapter.service(CoyoteAdapter.java:341)
		at org.apache.coyote.http11.Http11Processor.service(Http11Processor.java:397)
		at org.apache.coyote.AbstractProcessorLight.process(AbstractProcessorLight.java:63)
		at org.apache.coyote.AbstractProtocol$ConnectionHandler.process(AbstractProtocol.java:903)
		at org.apache.tomcat.util.net.NioEndpoint$SocketProcessor.doRun(NioEndpoint.java:1778)
		at org.apache.tomcat.util.net.SocketProcessorBase.run(SocketProcessorBase.java:52)
		at org.apache.tomcat.util.threads.ThreadPoolExecutor.runWorker(ThreadPoolExecutor.java:946)
		at org.apache.tomcat.util.threads.ThreadPoolExecutor$Worker.run(ThreadPoolExecutor.java:480)
		at org.apache.tomcat.util.threads.TaskThread$WrappingRunnable.run(TaskThread.java:57)
		at java.base/java.lang.Thread.run(Thread.java:1570)
