30-Nov-2025 20:26:28.663 SEVERE [http-nio-8080-exec-19] org.apache.catalina.core.StandardWrapperValve.invoke Servlet.service() for servlet [jsp] in context with path [/ThriftShop] threw exception [An exception occurred processing [/WebsitePages/tops.jsp] at line [23]

20:     String auctionclosetime = request.getParameter("AuctionCloseTimeTops");
21: 
22:     String insertTopInformation = "insert into tops (auctionSellerIdValue, genderValue, sizeValue, colorValue, frontLengthValue, chestLengthValue, sleeveLengthValue, descriptionValue, conditionValue, auctionCloseDateValue, auctionCloseTimeValue) values ('" + userIdValue + "','" + gender + "' ,'" + size + "' ,'" + color + "','" + frontlength + "','" + chestlength + "','" + sleevelength + "','" + description + "','" + condition + "', '" + auctionclosedate + "', '" + auctionclosetime + "')";
23:     int insertedRows = st.executeUpdate(insertTopInformation);
24: }
25: 
26: ResultSet rs = st.executeQuery("select * from tops order by topIdValue desc");


Stacktrace:] with root cause
	java.sql.SQLSyntaxErrorException: Unknown column 'frontLengthValue' in 'field list'
		at com.mysql.cj.jdbc.exceptions.SQLError.createSQLException(SQLError.java:112)
		at com.mysql.cj.jdbc.exceptions.SQLExceptionsMapping.translateException(SQLExceptionsMapping.java:114)
		at com.mysql.cj.jdbc.StatementImpl.executeUpdateInternal(StatementImpl.java:1499)
		at com.mysql.cj.jdbc.StatementImpl.executeLargeUpdate(StatementImpl.java:2321)
		at com.mysql.cj.jdbc.StatementImpl.executeUpdate(StatementImpl.java:1369)
		at org.apache.jsp.WebsitePages.tops_jsp._jspService(tops_jsp.java:149)
		at org.apache.jasper.runtime.HttpJspBase.service(HttpJspBase.java:64)
		at jakarta.servlet.http.HttpServlet.service(HttpServlet.java:710)
		at org.apache.jasper.servlet.JspServletWrapper.service(JspServletWrapper.java:428)
		at org.apache.jasper.servlet.JspServlet.serviceJspFile(JspServlet.java:330)
		at org.apache.jasper.servlet.JspServlet.service(JspServlet.java:281)
		at jakarta.servlet.http.HttpServlet.service(HttpServlet.java:710)
		at org.apache.catalina.core.ApplicationFilterChain.doFilter(ApplicationFilterChain.java:128)
		at org.apache.tomcat.websocket.server.WsFilter.doFilter(WsFilter.java:53)
		at org.apache.catalina.core.ApplicationFilterChain.doFilter(ApplicationFilterChain.java:107)
		at org.apache.catalina.core.StandardWrapperValve.invoke(StandardWrapperValve.java:165)
		at org.apache.catalina.core.StandardContextValve.invoke(StandardContextValve.java:77)
		at org.apache.catalina.authenticator.AuthenticatorBase.invoke(AuthenticatorBase.java:482)
		at org.apache.catalina.core.StandardHostValve.invoke(StandardHostValve.java:113)
		at org.apache.catalina.valves.ErrorReportValve.invoke(ErrorReportValve.java:83)
		at org.apache.catalina.valves.AbstractAccessLogValve.invoke(AbstractAccessLogValve.java:654)
		at org.apache.catalina.core.StandardEngineValve.invoke(StandardEngineValve.java:72)
		at org.apache.catalina.connector.CoyoteAdapter.service(CoyoteAdapter.java:341)
		at org.apache.coyote.http11.Http11Processor.service(Http11Processor.java:397)
		at org.apache.coyote.AbstractProcessorLight.process(AbstractProcessorLight.java:63)
		at org.apache.coyote.AbstractProtocol$ConnectionHandler.process(AbstractProtocol.java:903)
		at org.apache.tomcat.util.net.NioEndpoint$SocketProcessor.doRun(NioEndpoint.java:1778)
		at org.apache.tomcat.util.net.SocketProcessorBase.run(SocketProcessorBase.java:52)
		at org.apache.tomcat.util.threads.ThreadPoolExecutor.runWorker(ThreadPoolExecutor.java:946)
		at org.apache.tomcat.util.threads.ThreadPoolExecutor$Worker.run(ThreadPoolExecutor.java:480)
		at org.apache.tomcat.util.threads.TaskThread$WrappingRunnable.run(TaskThread.java:57)
		at java.base/java.lang.Thread.run(Thread.java:1570)
30-Nov-2025 20:41:23.709 SEVERE [http-nio-8080-exec-12] org.apache.catalina.core.StandardWrapperValve.invoke Servlet.service() for servlet [jsp] in context with path [/ThriftShop] threw exception [An exception occurred processing [/WebsitePages/tops.jsp] at line [23]

20:     String auctionclosetime = request.getParameter("AuctionCloseTimeTops");
21: 
22:     String insertTopInformation = "insert into tops (auctionSellerIdValue, genderValue, sizeValue, colorValue, frontLengthValue, chestLengthValue, sleeveLengthValue, descriptionValue, conditionValue, auctionCloseDateValue, auctionCloseTimeValue) values ('" + userIdValue + "','" + gender + "' ,'" + size + "' ,'" + color + "','" + frontlength + "','" + chestlength + "','" + sleevelength + "','" + description + "','" + condition + "', '" + auctionclosedate + "', '" + auctionclosetime + "')";
23:     int insertedRows = st.executeUpdate(insertTopInformation);
24: }
25: 
26: ResultSet rs = st.executeQuery("select * from tops order by topIdValue desc");


Stacktrace:] with root cause
	java.sql.SQLSyntaxErrorException: Table 'thriftshop.tops' doesn't exist
		at com.mysql.cj.jdbc.exceptions.SQLError.createSQLException(SQLError.java:112)
		at com.mysql.cj.jdbc.exceptions.SQLExceptionsMapping.translateException(SQLExceptionsMapping.java:114)
		at com.mysql.cj.jdbc.StatementImpl.executeUpdateInternal(StatementImpl.java:1499)
		at com.mysql.cj.jdbc.StatementImpl.executeLargeUpdate(StatementImpl.java:2321)
		at com.mysql.cj.jdbc.StatementImpl.executeUpdate(StatementImpl.java:1369)
		at org.apache.jsp.WebsitePages.tops_jsp._jspService(tops_jsp.java:149)
		at org.apache.jasper.runtime.HttpJspBase.service(HttpJspBase.java:64)
		at jakarta.servlet.http.HttpServlet.service(HttpServlet.java:710)
		at org.apache.jasper.servlet.JspServletWrapper.service(JspServletWrapper.java:428)
		at org.apache.jasper.servlet.JspServlet.serviceJspFile(JspServlet.java:330)
		at org.apache.jasper.servlet.JspServlet.service(JspServlet.java:281)
		at jakarta.servlet.http.HttpServlet.service(HttpServlet.java:710)
		at org.apache.catalina.core.ApplicationFilterChain.doFilter(ApplicationFilterChain.java:128)
		at org.apache.tomcat.websocket.server.WsFilter.doFilter(WsFilter.java:53)
		at org.apache.catalina.core.ApplicationFilterChain.doFilter(ApplicationFilterChain.java:107)
		at org.apache.catalina.core.StandardWrapperValve.invoke(StandardWrapperValve.java:165)
		at org.apache.catalina.core.StandardContextValve.invoke(StandardContextValve.java:77)
		at org.apache.catalina.authenticator.AuthenticatorBase.invoke(AuthenticatorBase.java:482)
		at org.apache.catalina.core.StandardHostValve.invoke(StandardHostValve.java:113)
		at org.apache.catalina.valves.ErrorReportValve.invoke(ErrorReportValve.java:83)
		at org.apache.catalina.valves.AbstractAccessLogValve.invoke(AbstractAccessLogValve.java:654)
		at org.apache.catalina.core.StandardEngineValve.invoke(StandardEngineValve.java:72)
		at org.apache.catalina.connector.CoyoteAdapter.service(CoyoteAdapter.java:341)
		at org.apache.coyote.http11.Http11Processor.service(Http11Processor.java:397)
		at org.apache.coyote.AbstractProcessorLight.process(AbstractProcessorLight.java:63)
		at org.apache.coyote.AbstractProtocol$ConnectionHandler.process(AbstractProtocol.java:903)
		at org.apache.tomcat.util.net.NioEndpoint$SocketProcessor.doRun(NioEndpoint.java:1778)
		at org.apache.tomcat.util.net.SocketProcessorBase.run(SocketProcessorBase.java:52)
		at org.apache.tomcat.util.threads.ThreadPoolExecutor.runWorker(ThreadPoolExecutor.java:946)
		at org.apache.tomcat.util.threads.ThreadPoolExecutor$Worker.run(ThreadPoolExecutor.java:480)
		at org.apache.tomcat.util.threads.TaskThread$WrappingRunnable.run(TaskThread.java:57)
		at java.base/java.lang.Thread.run(Thread.java:1570)
30-Nov-2025 20:41:51.633 SEVERE [http-nio-8080-exec-14] org.apache.catalina.core.StandardWrapperValve.invoke Servlet.service() for servlet [jsp] in context with path [/ThriftShop] threw exception [An exception occurred processing [/WebsitePages/tops.jsp] at line [23]

20:     String auctionclosetime = request.getParameter("AuctionCloseTimeTops");
21: 
22:     String insertTopInformation = "insert into tops (auctionSellerIdValue, genderValue, sizeValue, colorValue, frontLengthValue, chestLengthValue, sleeveLengthValue, descriptionValue, conditionValue, auctionCloseDateValue, auctionCloseTimeValue) values ('" + userIdValue + "','" + gender + "' ,'" + size + "' ,'" + color + "','" + frontlength + "','" + chestlength + "','" + sleevelength + "','" + description + "','" + condition + "', '" + auctionclosedate + "', '" + auctionclosetime + "')";
23:     int insertedRows = st.executeUpdate(insertTopInformation);
24: }
25: 
26: ResultSet rs = st.executeQuery("select * from tops");


Stacktrace:] with root cause
	java.sql.SQLSyntaxErrorException: Table 'thriftshop.tops' doesn't exist
		at com.mysql.cj.jdbc.exceptions.SQLError.createSQLException(SQLError.java:112)
		at com.mysql.cj.jdbc.exceptions.SQLExceptionsMapping.translateException(SQLExceptionsMapping.java:114)
		at com.mysql.cj.jdbc.StatementImpl.executeUpdateInternal(StatementImpl.java:1499)
		at com.mysql.cj.jdbc.StatementImpl.executeLargeUpdate(StatementImpl.java:2321)
		at com.mysql.cj.jdbc.StatementImpl.executeUpdate(StatementImpl.java:1369)
		at org.apache.jsp.WebsitePages.tops_jsp._jspService(tops_jsp.java:149)
		at org.apache.jasper.runtime.HttpJspBase.service(HttpJspBase.java:64)
		at jakarta.servlet.http.HttpServlet.service(HttpServlet.java:710)
		at org.apache.jasper.servlet.JspServletWrapper.service(JspServletWrapper.java:428)
		at org.apache.jasper.servlet.JspServlet.serviceJspFile(JspServlet.java:330)
		at org.apache.jasper.servlet.JspServlet.service(JspServlet.java:281)
		at jakarta.servlet.http.HttpServlet.service(HttpServlet.java:710)
		at org.apache.catalina.core.ApplicationFilterChain.doFilter(ApplicationFilterChain.java:128)
		at org.apache.tomcat.websocket.server.WsFilter.doFilter(WsFilter.java:53)
		at org.apache.catalina.core.ApplicationFilterChain.doFilter(ApplicationFilterChain.java:107)
		at org.apache.catalina.core.StandardWrapperValve.invoke(StandardWrapperValve.java:165)
		at org.apache.catalina.core.StandardContextValve.invoke(StandardContextValve.java:77)
		at org.apache.catalina.authenticator.AuthenticatorBase.invoke(AuthenticatorBase.java:482)
		at org.apache.catalina.core.StandardHostValve.invoke(StandardHostValve.java:113)
		at org.apache.catalina.valves.ErrorReportValve.invoke(ErrorReportValve.java:83)
		at org.apache.catalina.valves.AbstractAccessLogValve.invoke(AbstractAccessLogValve.java:654)
		at org.apache.catalina.core.StandardEngineValve.invoke(StandardEngineValve.java:72)
		at org.apache.catalina.connector.CoyoteAdapter.service(CoyoteAdapter.java:341)
		at org.apache.coyote.http11.Http11Processor.service(Http11Processor.java:397)
		at org.apache.coyote.AbstractProcessorLight.process(AbstractProcessorLight.java:63)
		at org.apache.coyote.AbstractProtocol$ConnectionHandler.process(AbstractProtocol.java:903)
		at org.apache.tomcat.util.net.NioEndpoint$SocketProcessor.doRun(NioEndpoint.java:1778)
		at org.apache.tomcat.util.net.SocketProcessorBase.run(SocketProcessorBase.java:52)
		at org.apache.tomcat.util.threads.ThreadPoolExecutor.runWorker(ThreadPoolExecutor.java:946)
		at org.apache.tomcat.util.threads.ThreadPoolExecutor$Worker.run(ThreadPoolExecutor.java:480)
		at org.apache.tomcat.util.threads.TaskThread$WrappingRunnable.run(TaskThread.java:57)
		at java.base/java.lang.Thread.run(Thread.java:1570)
30-Nov-2025 20:41:54.050 SEVERE [http-nio-8080-exec-20] org.apache.catalina.core.StandardWrapperValve.invoke Servlet.service() for servlet [jsp] in context with path [/ThriftShop] threw exception [An exception occurred processing [/WebsitePages/tops.jsp] at line [23]

20:     String auctionclosetime = request.getParameter("AuctionCloseTimeTops");
21: 
22:     String insertTopInformation = "insert into tops (auctionSellerIdValue, genderValue, sizeValue, colorValue, frontLengthValue, chestLengthValue, sleeveLengthValue, descriptionValue, conditionValue, auctionCloseDateValue, auctionCloseTimeValue) values ('" + userIdValue + "','" + gender + "' ,'" + size + "' ,'" + color + "','" + frontlength + "','" + chestlength + "','" + sleevelength + "','" + description + "','" + condition + "', '" + auctionclosedate + "', '" + auctionclosetime + "')";
23:     int insertedRows = st.executeUpdate(insertTopInformation);
24: }
25: 
26: ResultSet rs = st.executeQuery("select * from tops");


Stacktrace:] with root cause
	java.sql.SQLSyntaxErrorException: Table 'thriftshop.tops' doesn't exist
		at com.mysql.cj.jdbc.exceptions.SQLError.createSQLException(SQLError.java:112)
		at com.mysql.cj.jdbc.exceptions.SQLExceptionsMapping.translateException(SQLExceptionsMapping.java:114)
		at com.mysql.cj.jdbc.StatementImpl.executeUpdateInternal(StatementImpl.java:1499)
		at com.mysql.cj.jdbc.StatementImpl.executeLargeUpdate(StatementImpl.java:2321)
		at com.mysql.cj.jdbc.StatementImpl.executeUpdate(StatementImpl.java:1369)
		at org.apache.jsp.WebsitePages.tops_jsp._jspService(tops_jsp.java:149)
		at org.apache.jasper.runtime.HttpJspBase.service(HttpJspBase.java:64)
		at jakarta.servlet.http.HttpServlet.service(HttpServlet.java:710)
		at org.apache.jasper.servlet.JspServletWrapper.service(JspServletWrapper.java:428)
		at org.apache.jasper.servlet.JspServlet.serviceJspFile(JspServlet.java:330)
		at org.apache.jasper.servlet.JspServlet.service(JspServlet.java:281)
		at jakarta.servlet.http.HttpServlet.service(HttpServlet.java:710)
		at org.apache.catalina.core.ApplicationFilterChain.doFilter(ApplicationFilterChain.java:128)
		at org.apache.tomcat.websocket.server.WsFilter.doFilter(WsFilter.java:53)
		at org.apache.catalina.core.ApplicationFilterChain.doFilter(ApplicationFilterChain.java:107)
		at org.apache.catalina.core.StandardWrapperValve.invoke(StandardWrapperValve.java:165)
		at org.apache.catalina.core.StandardContextValve.invoke(StandardContextValve.java:77)
		at org.apache.catalina.authenticator.AuthenticatorBase.invoke(AuthenticatorBase.java:482)
		at org.apache.catalina.core.StandardHostValve.invoke(StandardHostValve.java:113)
		at org.apache.catalina.valves.ErrorReportValve.invoke(ErrorReportValve.java:83)
		at org.apache.catalina.valves.AbstractAccessLogValve.invoke(AbstractAccessLogValve.java:654)
		at org.apache.catalina.core.StandardEngineValve.invoke(StandardEngineValve.java:72)
		at org.apache.catalina.connector.CoyoteAdapter.service(CoyoteAdapter.java:341)
		at org.apache.coyote.http11.Http11Processor.service(Http11Processor.java:397)
		at org.apache.coyote.AbstractProcessorLight.process(AbstractProcessorLight.java:63)
		at org.apache.coyote.AbstractProtocol$ConnectionHandler.process(AbstractProtocol.java:903)
		at org.apache.tomcat.util.net.NioEndpoint$SocketProcessor.doRun(NioEndpoint.java:1778)
		at org.apache.tomcat.util.net.SocketProcessorBase.run(SocketProcessorBase.java:52)
		at org.apache.tomcat.util.threads.ThreadPoolExecutor.runWorker(ThreadPoolExecutor.java:946)
		at org.apache.tomcat.util.threads.ThreadPoolExecutor$Worker.run(ThreadPoolExecutor.java:480)
		at org.apache.tomcat.util.threads.TaskThread$WrappingRunnable.run(TaskThread.java:57)
		at java.base/java.lang.Thread.run(Thread.java:1570)
